Command line invocation:
    /Applications/Xcode.app/Contents/Developer/usr/bin/xcodebuild test -scheme FocusFlow -destination "platform=iOS Simulator,name=iPhone 16"

User defaults from command line:
    IDEPackageSupportUseBuiltinSCM = YES

--- xcodebuild: WARNING: Using the first of multiple matching destinations:
{ platform:iOS Simulator, id:72885630-E1EB-4E99-BCD4-86793A62FBF4, OS:18.0, name:iPhone 16 }
{ platform:iOS Simulator, id:72885630-E1EB-4E99-BCD4-86793A62FBF4, OS:18.0, name:iPhone 16 }
Prepare packages

ComputeTargetDependencyGraph
note: Building targets in dependency order
note: Target dependency graph (2 targets)
    Target 'FocusFlowTests' in project 'FocusFlow'
        âžœ Explicit dependency on target 'FocusFlow' in project 'FocusFlow'
    Target 'FocusFlow' in project 'FocusFlow' (no dependencies)

GatherProvisioningInputs

CreateBuildDescription

ExecuteExternalTool /Applications/Xcode.app/Contents/Developer/Toolchains/XcodeDefault.xctoolchain/usr/bin/swiftc --version

ExecuteExternalTool /Applications/Xcode.app/Contents/Developer/usr/bin/actool --print-asset-tag-combinations --output-format xml1 /Users/muhammedshahidsiddiqui/Desktop/chat/FocusFlow/FocusFlow/Assets.xcassets /Users/muhammedshahidsiddiqui/Desktop/chat/FocusFlow/FocusFlow/Preview Content/Preview Assets.xcassets

ExecuteExternalTool /Applications/Xcode.app/Contents/Developer/Toolchains/XcodeDefault.xctoolchain/usr/bin/clang -v -E -dM -isysroot /Applications/Xcode.app/Contents/Developer/Platforms/iPhoneSimulator.platform/Developer/SDKs/iPhoneSimulator18.0.sdk -x c -c /dev/null

ExecuteExternalTool /Applications/Xcode.app/Contents/Developer/Toolchains/XcodeDefault.xctoolchain/usr/bin/ld -version_details

ExecuteExternalTool /Applications/Xcode.app/Contents/Developer/usr/bin/actool --version --output-format xml1

Build description signature: b9ef59a5bd198f3378f9e6a68197499d
Build description path: /Users/muhammedshahidsiddiqui/Library/Developer/Xcode/DerivedData/FocusFlow-frjlktqpqizabufutavnzxvcztha/Build/Intermediates.noindex/XCBuildData/b9ef59a5bd198f3378f9e6a68197499d.xcbuilddata
ClangStatCache /Applications/Xcode.app/Contents/Developer/Toolchains/XcodeDefault.xctoolchain/usr/bin/clang-stat-cache /Applications/Xcode.app/Contents/Developer/Platforms/iPhoneSimulator.platform/Developer/SDKs/iPhoneSimulator18.0.sdk /Users/muhammedshahidsiddiqui/Library/Developer/Xcode/DerivedData/SDKStatCaches.noindex/iphonesimulator18.0-22A3362-db63dc9361471f152f572502bdbfe70a.sdkstatcache
    cd /Users/muhammedshahidsiddiqui/Desktop/chat/FocusFlow/FocusFlow.xcodeproj
    /Applications/Xcode.app/Contents/Developer/Toolchains/XcodeDefault.xctoolchain/usr/bin/clang-stat-cache /Applications/Xcode.app/Contents/Developer/Platforms/iPhoneSimulator.platform/Developer/SDKs/iPhoneSimulator18.0.sdk -o /Users/muhammedshahidsiddiqui/Library/Developer/Xcode/DerivedData/SDKStatCaches.noindex/iphonesimulator18.0-22A3362-db63dc9361471f152f572502bdbfe70a.sdkstatcache

MkDir /Users/muhammedshahidsiddiqui/Library/Developer/Xcode/DerivedData/FocusFlow-frjlktqpqizabufutavnzxvcztha/Build/Products/Debug-iphonesimulator/FocusFlow.app/PlugIns/FocusFlowTests.xctest (in target 'FocusFlowTests' from project 'FocusFlow')
    cd /Users/muhammedshahidsiddiqui/Desktop/chat/FocusFlow
    /bin/mkdir -p /Users/muhammedshahidsiddiqui/Library/Developer/Xcode/DerivedData/FocusFlow-frjlktqpqizabufutavnzxvcztha/Build/Products/Debug-iphonesimulator/FocusFlow.app/PlugIns/FocusFlowTests.xctest

MkDir /Users/muhammedshahidsiddiqui/Library/Developer/Xcode/DerivedData/FocusFlow-frjlktqpqizabufutavnzxvcztha/Build/Products/Debug-iphonesimulator/FocusFlow.app/PlugIns (in target 'FocusFlow' from project 'FocusFlow')
    cd /Users/muhammedshahidsiddiqui/Desktop/chat/FocusFlow
    /bin/mkdir -p /Users/muhammedshahidsiddiqui/Library/Developer/Xcode/DerivedData/FocusFlow-frjlktqpqizabufutavnzxvcztha/Build/Products/Debug-iphonesimulator/FocusFlow.app/PlugIns

MkDir /Users/muhammedshahidsiddiqui/Library/Developer/Xcode/DerivedData/FocusFlow-frjlktqpqizabufutavnzxvcztha/Build/Products/Debug-iphonesimulator/FocusFlow.app/Frameworks (in target 'FocusFlow' from project 'FocusFlow')
    cd /Users/muhammedshahidsiddiqui/Desktop/chat/FocusFlow
    /bin/mkdir -p /Users/muhammedshahidsiddiqui/Library/Developer/Xcode/DerivedData/FocusFlow-frjlktqpqizabufutavnzxvcztha/Build/Products/Debug-iphonesimulator/FocusFlow.app/Frameworks

ProcessProductPackaging "" /Users/muhammedshahidsiddiqui/Library/Developer/Xcode/DerivedData/FocusFlow-frjlktqpqizabufutavnzxvcztha/Build/Intermediates.noindex/FocusFlow.build/Debug-iphonesimulator/FocusFlow.build/FocusFlow.app-Simulated.xcent (in target 'FocusFlow' from project 'FocusFlow')
    cd /Users/muhammedshahidsiddiqui/Desktop/chat/FocusFlow
    
    Entitlements:
    
    {
    "application-identifier" = "FAKETEAMID.shahid.FocusFlow";
}
    
    builtin-productPackagingUtility -entitlements -format xml -o /Users/muhammedshahidsiddiqui/Library/Developer/Xcode/DerivedData/FocusFlow-frjlktqpqizabufutavnzxvcztha/Build/Intermediates.noindex/FocusFlow.build/Debug-iphonesimulator/FocusFlow.build/FocusFlow.app-Simulated.xcent

ProcessProductPackagingDER /Users/muhammedshahidsiddiqui/Library/Developer/Xcode/DerivedData/FocusFlow-frjlktqpqizabufutavnzxvcztha/Build/Intermediates.noindex/FocusFlow.build/Debug-iphonesimulator/FocusFlow.build/FocusFlow.app-Simulated.xcent /Users/muhammedshahidsiddiqui/Library/Developer/Xcode/DerivedData/FocusFlow-frjlktqpqizabufutavnzxvcztha/Build/Intermediates.noindex/FocusFlow.build/Debug-iphonesimulator/FocusFlow.build/FocusFlow.app-Simulated.xcent.der (in target 'FocusFlow' from project 'FocusFlow')
    cd /Users/muhammedshahidsiddiqui/Desktop/chat/FocusFlow
    /usr/bin/derq query -f xml -i /Users/muhammedshahidsiddiqui/Library/Developer/Xcode/DerivedData/FocusFlow-frjlktqpqizabufutavnzxvcztha/Build/Intermediates.noindex/FocusFlow.build/Debug-iphonesimulator/FocusFlow.build/FocusFlow.app-Simulated.xcent -o /Users/muhammedshahidsiddiqui/Library/Developer/Xcode/DerivedData/FocusFlow-frjlktqpqizabufutavnzxvcztha/Build/Intermediates.noindex/FocusFlow.build/Debug-iphonesimulator/FocusFlow.build/FocusFlow.app-Simulated.xcent.der --raw

Copy /Users/muhammedshahidsiddiqui/Library/Developer/Xcode/DerivedData/FocusFlow-frjlktqpqizabufutavnzxvcztha/Build/Products/Debug-iphonesimulator/FocusFlow.app/Frameworks/XCTestCore.framework /Applications/Xcode.app/Contents/Developer/Platforms/iPhoneSimulator.platform/Developer/Library/PrivateFrameworks/XCTestCore.framework (in target 'FocusFlow' from project 'FocusFlow')
    cd /Users/muhammedshahidsiddiqui/Desktop/chat/FocusFlow
    builtin-copy -exclude .DS_Store -exclude CVS -exclude .svn -exclude .git -exclude .hg -exclude Headers -exclude PrivateHeaders -exclude Modules -exclude \*.tbd -resolve-src-symlinks /Applications/Xcode.app/Contents/Developer/Platforms/iPhoneSimulator.platform/Developer/Library/PrivateFrameworks/XCTestCore.framework /Users/muhammedshahidsiddiqui/Library/Developer/Xcode/DerivedData/FocusFlow-frjlktqpqizabufutavnzxvcztha/Build/Products/Debug-iphonesimulator/FocusFlow.app/Frameworks

Copy /Users/muhammedshahidsiddiqui/Library/Developer/Xcode/DerivedData/FocusFlow-frjlktqpqizabufutavnzxvcztha/Build/Products/Debug-iphonesimulator/FocusFlow.app/Frameworks/Testing.framework /Applications/Xcode.app/Contents/Developer/Platforms/iPhoneSimulator.platform/Developer/Library/Frameworks/Testing.framework (in target 'FocusFlow' from project 'FocusFlow')
    cd /Users/muhammedshahidsiddiqui/Desktop/chat/FocusFlow
    builtin-copy -exclude .DS_Store -exclude CVS -exclude .svn -exclude .git -exclude .hg -exclude Headers -exclude PrivateHeaders -exclude Modules -exclude \*.tbd -resolve-src-symlinks /Applications/Xcode.app/Contents/Developer/Platforms/iPhoneSimulator.platform/Developer/Library/Frameworks/Testing.framework /Users/muhammedshahidsiddiqui/Library/Developer/Xcode/DerivedData/FocusFlow-frjlktqpqizabufutavnzxvcztha/Build/Products/Debug-iphonesimulator/FocusFlow.app/Frameworks

Copy /Users/muhammedshahidsiddiqui/Library/Developer/Xcode/DerivedData/FocusFlow-frjlktqpqizabufutavnzxvcztha/Build/Products/Debug-iphonesimulator/FocusFlow.app/Frameworks/libXCTestBundleInject.dylib /Applications/Xcode.app/Contents/Developer/Platforms/iPhoneSimulator.platform/Developer/usr/lib/libXCTestBundleInject.dylib (in target 'FocusFlow' from project 'FocusFlow')
    cd /Users/muhammedshahidsiddiqui/Desktop/chat/FocusFlow
    builtin-copy -exclude .DS_Store -exclude CVS -exclude .svn -exclude .git -exclude .hg -exclude Headers -exclude PrivateHeaders -exclude Modules -exclude \*.tbd -resolve-src-symlinks /Applications/Xcode.app/Contents/Developer/Platforms/iPhoneSimulator.platform/Developer/usr/lib/libXCTestBundleInject.dylib /Users/muhammedshahidsiddiqui/Library/Developer/Xcode/DerivedData/FocusFlow-frjlktqpqizabufutavnzxvcztha/Build/Products/Debug-iphonesimulator/FocusFlow.app/Frameworks

Copy /Users/muhammedshahidsiddiqui/Library/Developer/Xcode/DerivedData/FocusFlow-frjlktqpqizabufutavnzxvcztha/Build/Products/Debug-iphonesimulator/FocusFlow.app/Frameworks/XCUnit.framework /Applications/Xcode.app/Contents/Developer/Platforms/iPhoneSimulator.platform/Developer/Library/PrivateFrameworks/XCUnit.framework (in target 'FocusFlow' from project 'FocusFlow')
    cd /Users/muhammedshahidsiddiqui/Desktop/chat/FocusFlow
    builtin-copy -exclude .DS_Store -exclude CVS -exclude .svn -exclude .git -exclude .hg -exclude Headers -exclude PrivateHeaders -exclude Modules -exclude \*.tbd -resolve-src-symlinks /Applications/Xcode.app/Contents/Developer/Platforms/iPhoneSimulator.platform/Developer/Library/PrivateFrameworks/XCUnit.framework /Users/muhammedshahidsiddiqui/Library/Developer/Xcode/DerivedData/FocusFlow-frjlktqpqizabufutavnzxvcztha/Build/Products/Debug-iphonesimulator/FocusFlow.app/Frameworks

Copy /Users/muhammedshahidsiddiqui/Library/Developer/Xcode/DerivedData/FocusFlow-frjlktqpqizabufutavnzxvcztha/Build/Products/Debug-iphonesimulator/FocusFlow.app/Frameworks/libXCTestSwiftSupport.dylib /Applications/Xcode.app/Contents/Developer/Platforms/iPhoneSimulator.platform/Developer/usr/lib/libXCTestSwiftSupport.dylib (in target 'FocusFlow' from project 'FocusFlow')
    cd /Users/muhammedshahidsiddiqui/Desktop/chat/FocusFlow
    builtin-copy -exclude .DS_Store -exclude CVS -exclude .svn -exclude .git -exclude .hg -exclude Headers -exclude PrivateHeaders -exclude Modules -exclude \*.tbd -resolve-src-symlinks /Applications/Xcode.app/Contents/Developer/Platforms/iPhoneSimulator.platform/Developer/usr/lib/libXCTestSwiftSupport.dylib /Users/muhammedshahidsiddiqui/Library/Developer/Xcode/DerivedData/FocusFlow-frjlktqpqizabufutavnzxvcztha/Build/Products/Debug-iphonesimulator/FocusFlow.app/Frameworks

Copy /Users/muhammedshahidsiddiqui/Library/Developer/Xcode/DerivedData/FocusFlow-frjlktqpqizabufutavnzxvcztha/Build/Products/Debug-iphonesimulator/FocusFlow.app/Frameworks/XCUIAutomation.framework /Applications/Xcode.app/Contents/Developer/Platforms/iPhoneSimulator.platform/Developer/Library/PrivateFrameworks/XCUIAutomation.framework (in target 'FocusFlow' from project 'FocusFlow')
    cd /Users/muhammedshahidsiddiqui/Desktop/chat/FocusFlow
    builtin-copy -exclude .DS_Store -exclude CVS -exclude .svn -exclude .git -exclude .hg -exclude Headers -exclude PrivateHeaders -exclude Modules -exclude \*.tbd -resolve-src-symlinks /Applications/Xcode.app/Contents/Developer/Platforms/iPhoneSimulator.platform/Developer/Library/PrivateFrameworks/XCUIAutomation.framework /Users/muhammedshahidsiddiqui/Library/Developer/Xcode/DerivedData/FocusFlow-frjlktqpqizabufutavnzxvcztha/Build/Products/Debug-iphonesimulator/FocusFlow.app/Frameworks

Copy /Users/muhammedshahidsiddiqui/Library/Developer/Xcode/DerivedData/FocusFlow-frjlktqpqizabufutavnzxvcztha/Build/Products/Debug-iphonesimulator/FocusFlow.app/Frameworks/XCTestSupport.framework /Applications/Xcode.app/Contents/Developer/Platforms/iPhoneSimulator.platform/Developer/Library/PrivateFrameworks/XCTestSupport.framework (in target 'FocusFlow' from project 'FocusFlow')
    cd /Users/muhammedshahidsiddiqui/Desktop/chat/FocusFlow
    builtin-copy -exclude .DS_Store -exclude CVS -exclude .svn -exclude .git -exclude .hg -exclude Headers -exclude PrivateHeaders -exclude Modules -exclude \*.tbd -resolve-src-symlinks /Applications/Xcode.app/Contents/Developer/Platforms/iPhoneSimulator.platform/Developer/Library/PrivateFrameworks/XCTestSupport.framework /Users/muhammedshahidsiddiqui/Library/Developer/Xcode/DerivedData/FocusFlow-frjlktqpqizabufutavnzxvcztha/Build/Products/Debug-iphonesimulator/FocusFlow.app/Frameworks

Copy /Users/muhammedshahidsiddiqui/Library/Developer/Xcode/DerivedData/FocusFlow-frjlktqpqizabufutavnzxvcztha/Build/Products/Debug-iphonesimulator/FocusFlow.app/Frameworks/XCTest.framework /Applications/Xcode.app/Contents/Developer/Platforms/iPhoneSimulator.platform/Developer/Library/Frameworks/XCTest.framework (in target 'FocusFlow' from project 'FocusFlow')
    cd /Users/muhammedshahidsiddiqui/Desktop/chat/FocusFlow
    builtin-copy -exclude .DS_Store -exclude CVS -exclude .svn -exclude .git -exclude .hg -exclude Headers -exclude PrivateHeaders -exclude Modules -exclude \*.tbd -resolve-src-symlinks /Applications/Xcode.app/Contents/Developer/Platforms/iPhoneSimulator.platform/Developer/Library/Frameworks/XCTest.framework /Users/muhammedshahidsiddiqui/Library/Developer/Xcode/DerivedData/FocusFlow-frjlktqpqizabufutavnzxvcztha/Build/Products/Debug-iphonesimulator/FocusFlow.app/Frameworks

Copy /Users/muhammedshahidsiddiqui/Library/Developer/Xcode/DerivedData/FocusFlow-frjlktqpqizabufutavnzxvcztha/Build/Products/Debug-iphonesimulator/FocusFlow.app/Frameworks/XCTAutomationSupport.framework /Applications/Xcode.app/Contents/Developer/Platforms/iPhoneSimulator.platform/Developer/Library/PrivateFrameworks/XCTAutomationSupport.framework (in target 'FocusFlow' from project 'FocusFlow')
    cd /Users/muhammedshahidsiddiqui/Desktop/chat/FocusFlow
    builtin-copy -exclude .DS_Store -exclude CVS -exclude .svn -exclude .git -exclude .hg -exclude Headers -exclude PrivateHeaders -exclude Modules -exclude \*.tbd -resolve-src-symlinks /Applications/Xcode.app/Contents/Developer/Platforms/iPhoneSimulator.platform/Developer/Library/PrivateFrameworks/XCTAutomationSupport.framework /Users/muhammedshahidsiddiqui/Library/Developer/Xcode/DerivedData/FocusFlow-frjlktqpqizabufutavnzxvcztha/Build/Products/Debug-iphonesimulator/FocusFlow.app/Frameworks

CompileAssetCatalogVariant thinned /Users/muhammedshahidsiddiqui/Library/Developer/Xcode/DerivedData/FocusFlow-frjlktqpqizabufutavnzxvcztha/Build/Products/Debug-iphonesimulator/FocusFlow.app /Users/muhammedshahidsiddiqui/Desktop/chat/FocusFlow/FocusFlow/Assets.xcassets /Users/muhammedshahidsiddiqui/Desktop/chat/FocusFlow/FocusFlow/Preview\ Content/Preview\ Assets.xcassets (in target 'FocusFlow' from project 'FocusFlow')
    cd /Users/muhammedshahidsiddiqui/Desktop/chat/FocusFlow
    /Applications/Xcode.app/Contents/Developer/usr/bin/actool --output-format human-readable-text --notices --warnings --export-dependency-info /Users/muhammedshahidsiddiqui/Library/Developer/Xcode/DerivedData/FocusFlow-frjlktqpqizabufutavnzxvcztha/Build/Intermediates.noindex/FocusFlow.build/Debug-iphonesimulator/FocusFlow.build/assetcatalog_dependencies_thinned --output-partial-info-plist /Users/muhammedshahidsiddiqui/Library/Developer/Xcode/DerivedData/FocusFlow-frjlktqpqizabufutavnzxvcztha/Build/Intermediates.noindex/FocusFlow.build/Debug-iphonesimulator/FocusFlow.build/assetcatalog_generated_info.plist --app-icon AppIcon --accent-color AccentColor --compress-pngs --enable-on-demand-resources YES --filter-for-thinning-device-configuration iPhone17,3 --filter-for-device-os-version 18.0 --development-region en --target-device iphone --target-device ipad --minimum-deployment-target 18.0 --platform iphonesimulator --compile /Users/muhammedshahidsiddiqui/Library/Developer/Xcode/DerivedData/FocusFlow-frjlktqpqizabufutavnzxvcztha/Build/Intermediates.noindex/FocusFlow.build/Debug-iphonesimulator/FocusFlow.build/assetcatalog_output/thinned /Users/muhammedshahidsiddiqui/Desktop/chat/FocusFlow/FocusFlow/Assets.xcassets /Users/muhammedshahidsiddiqui/Desktop/chat/FocusFlow/FocusFlow/Preview\ Content/Preview\ Assets.xcassets
/* com.apple.actool.compilation-results */
/Users/muhammedshahidsiddiqui/Library/Developer/Xcode/DerivedData/FocusFlow-frjlktqpqizabufutavnzxvcztha/Build/Intermediates.noindex/FocusFlow.build/Debug-iphonesimulator/FocusFlow.build/assetcatalog_generated_info.plist


LinkAssetCatalog /Users/muhammedshahidsiddiqui/Desktop/chat/FocusFlow/FocusFlow/Assets.xcassets /Users/muhammedshahidsiddiqui/Desktop/chat/FocusFlow/FocusFlow/Preview\ Content/Preview\ Assets.xcassets (in target 'FocusFlow' from project 'FocusFlow')
    cd /Users/muhammedshahidsiddiqui/Desktop/chat/FocusFlow
    builtin-linkAssetCatalog --thinned /Users/muhammedshahidsiddiqui/Library/Developer/Xcode/DerivedData/FocusFlow-frjlktqpqizabufutavnzxvcztha/Build/Intermediates.noindex/FocusFlow.build/Debug-iphonesimulator/FocusFlow.build/assetcatalog_output/thinned --thinned-dependencies /Users/muhammedshahidsiddiqui/Library/Developer/Xcode/DerivedData/FocusFlow-frjlktqpqizabufutavnzxvcztha/Build/Intermediates.noindex/FocusFlow.build/Debug-iphonesimulator/FocusFlow.build/assetcatalog_dependencies_thinned --unthinned /Users/muhammedshahidsiddiqui/Library/Developer/Xcode/DerivedData/FocusFlow-frjlktqpqizabufutavnzxvcztha/Build/Intermediates.noindex/FocusFlow.build/Debug-iphonesimulator/FocusFlow.build/assetcatalog_output/unthinned --unthinned-dependencies /Users/muhammedshahidsiddiqui/Library/Developer/Xcode/DerivedData/FocusFlow-frjlktqpqizabufutavnzxvcztha/Build/Intermediates.noindex/FocusFlow.build/Debug-iphonesimulator/FocusFlow.build/assetcatalog_dependencies_unthinned --output /Users/muhammedshahidsiddiqui/Library/Developer/Xcode/DerivedData/FocusFlow-frjlktqpqizabufutavnzxvcztha/Build/Products/Debug-iphonesimulator/FocusFlow.app

Ld /Users/muhammedshahidsiddiqui/Library/Developer/Xcode/DerivedData/FocusFlow-frjlktqpqizabufutavnzxvcztha/Build/Products/Debug-iphonesimulator/FocusFlow.app/FocusFlow.debug.dylib normal (in target 'FocusFlow' from project 'FocusFlow')
    cd /Users/muhammedshahidsiddiqui/Desktop/chat/FocusFlow
    /Applications/Xcode.app/Contents/Developer/Toolchains/XcodeDefault.xctoolchain/usr/bin/clang -Xlinker -reproducible -target arm64-apple-ios18.0-simulator -dynamiclib -isysroot /Applications/Xcode.app/Contents/Developer/Platforms/iPhoneSimulator.platform/Developer/SDKs/iPhoneSimulator18.0.sdk -O0 -L/Users/muhammedshahidsiddiqui/Library/Developer/Xcode/DerivedData/FocusFlow-frjlktqpqizabufutavnzxvcztha/Build/Intermediates.noindex/EagerLinkingTBDs/Debug-iphonesimulator -L/Users/muhammedshahidsiddiqui/Library/Developer/Xcode/DerivedData/FocusFlow-frjlktqpqizabufutavnzxvcztha/Build/Products/Debug-iphonesimulator -F/Users/muhammedshahidsiddiqui/Library/Developer/Xcode/DerivedData/FocusFlow-frjlktqpqizabufutavnzxvcztha/Build/Intermediates.noindex/EagerLinkingTBDs/Debug-iphonesimulator -F/Users/muhammedshahidsiddiqui/Library/Developer/Xcode/DerivedData/FocusFlow-frjlktqpqizabufutavnzxvcztha/Build/Products/Debug-iphonesimulator -filelist /Users/muhammedshahidsiddiqui/Library/Developer/Xcode/DerivedData/FocusFlow-frjlktqpqizabufutavnzxvcztha/Build/Intermediates.noindex/FocusFlow.build/Debug-iphonesimulator/FocusFlow.build/Objects-normal/arm64/FocusFlow.LinkFileList -install_name @rpath/FocusFlow.debug.dylib -Xlinker -rpath -Xlinker @executable_path/Frameworks -dead_strip -Xlinker -object_path_lto -Xlinker /Users/muhammedshahidsiddiqui/Library/Developer/Xcode/DerivedData/FocusFlow-frjlktqpqizabufutavnzxvcztha/Build/Intermediates.noindex/FocusFlow.build/Debug-iphonesimulator/FocusFlow.build/Objects-normal/arm64/FocusFlow_lto.o -Xlinker -export_dynamic -Xlinker -no_deduplicate -Xlinker -objc_abi_version -Xlinker 2 -Xlinker -debug_variant -fobjc-link-runtime -fprofile-instr-generate -L/Applications/Xcode.app/Contents/Developer/Toolchains/XcodeDefault.xctoolchain/usr/lib/swift/iphonesimulator -L/usr/lib/swift -Xlinker -add_ast_path -Xlinker /Users/muhammedshahidsiddiqui/Library/Developer/Xcode/DerivedData/FocusFlow-frjlktqpqizabufutavnzxvcztha/Build/Intermediates.noindex/FocusFlow.build/Debug-iphonesimulator/FocusFlow.build/Objects-normal/arm64/FocusFlow.swiftmodule -Xlinker -alias -Xlinker _main -Xlinker ___debug_main_executable_dylib_entry_point -Xlinker -no_adhoc_codesign -Xlinker -dependency_info -Xlinker /Users/muhammedshahidsiddiqui/Library/Developer/Xcode/DerivedData/FocusFlow-frjlktqpqizabufutavnzxvcztha/Build/Intermediates.noindex/FocusFlow.build/Debug-iphonesimulator/FocusFlow.build/Objects-normal/arm64/FocusFlow_dependency_info.dat -o /Users/muhammedshahidsiddiqui/Library/Developer/Xcode/DerivedData/FocusFlow-frjlktqpqizabufutavnzxvcztha/Build/Products/Debug-iphonesimulator/FocusFlow.app/FocusFlow.debug.dylib

SwiftDriver FocusFlowTests normal arm64 com.apple.xcode.tools.swift.compiler (in target 'FocusFlowTests' from project 'FocusFlow')
    cd /Users/muhammedshahidsiddiqui/Desktop/chat/FocusFlow
    builtin-SwiftDriver -- /Applications/Xcode.app/Contents/Developer/Toolchains/XcodeDefault.xctoolchain/usr/bin/swiftc -module-name FocusFlowTests -Onone -enforce-exclusivity\=checked @/Users/muhammedshahidsiddiqui/Library/Developer/Xcode/DerivedData/FocusFlow-frjlktqpqizabufutavnzxvcztha/Build/Intermediates.noindex/FocusFlow.build/Debug-iphonesimulator/FocusFlowTests.build/Objects-normal/arm64/FocusFlowTests.SwiftFileList -DDEBUG -plugin-path /Applications/Xcode.app/Contents/Developer/Toolchains/XcodeDefault.xctoolchain/usr/lib/swift/host/plugins/testing -enable-bare-slash-regex -enable-experimental-feature DebugDescriptionMacro -sdk /Applications/Xcode.app/Contents/Developer/Platforms/iPhoneSimulator.platform/Developer/SDKs/iPhoneSimulator18.0.sdk -target arm64-apple-ios18.0-simulator -g -module-cache-path /Users/muhammedshahidsiddiqui/Library/Developer/Xcode/DerivedData/ModuleCache.noindex -Xfrontend -serialize-debugging-options -profile-coverage-mapping -profile-generate -enable-testing -index-store-path /Users/muhammedshahidsiddiqui/Library/Developer/Xcode/DerivedData/FocusFlow-frjlktqpqizabufutavnzxvcztha/Index.noindex/DataStore -enable-experimental-feature OpaqueTypeErasure -Xcc -D_LIBCPP_HARDENING_MODE\=_LIBCPP_HARDENING_MODE_DEBUG -swift-version 5 -I /Users/muhammedshahidsiddiqui/Library/Developer/Xcode/DerivedData/FocusFlow-frjlktqpqizabufutavnzxvcztha/Build/Products/Debug-iphonesimulator -I /Applications/Xcode.app/Contents/Developer/Platforms/iPhoneSimulator.platform/Developer/usr/lib -F /Users/muhammedshahidsiddiqui/Library/Developer/Xcode/DerivedData/FocusFlow-frjlktqpqizabufutavnzxvcztha/Build/Products/Debug-iphonesimulator -F /Applications/Xcode.app/Contents/Developer/Platforms/iPhoneSimulator.platform/Developer/Library/Frameworks -F /Applications/Xcode.app/Contents/Developer/Platforms/iPhoneSimulator.platform/Developer/SDKs/iPhoneSimulator18.0.sdk/Developer/Library/Frameworks -c -j10 -enable-batch-mode -incremental -Xcc -ivfsstatcache -Xcc /Users/muhammedshahidsiddiqui/Library/Developer/Xcode/DerivedData/SDKStatCaches.noindex/iphonesimulator18.0-22A3362-db63dc9361471f152f572502bdbfe70a.sdkstatcache -output-file-map /Users/muhammedshahidsiddiqui/Library/Developer/Xcode/DerivedData/FocusFlow-frjlktqpqizabufutavnzxvcztha/Build/Intermediates.noindex/FocusFlow.build/Debug-iphonesimulator/FocusFlowTests.build/Objects-normal/arm64/FocusFlowTests-OutputFileMap.json -use-frontend-parseable-output -save-temps -no-color-diagnostics -serialize-diagnostics -emit-dependencies -emit-module -emit-module-path /Users/muhammedshahidsiddiqui/Library/Developer/Xcode/DerivedData/FocusFlow-frjlktqpqizabufutavnzxvcztha/Build/Intermediates.noindex/FocusFlow.build/Debug-iphonesimulator/FocusFlowTests.build/Objects-normal/arm64/FocusFlowTests.swiftmodule -validate-clang-modules-once -clang-build-session-file /Users/muhammedshahidsiddiqui/Library/Developer/Xcode/DerivedData/ModuleCache.noindex/Session.modulevalidation -Xcc -I/Users/muhammedshahidsiddiqui/Library/Developer/Xcode/DerivedData/FocusFlow-frjlktqpqizabufutavnzxvcztha/Build/Intermediates.noindex/FocusFlow.build/Debug-iphonesimulator/FocusFlowTests.build/swift-overrides.hmap -emit-const-values -Xfrontend -const-gather-protocols-file -Xfrontend /Users/muhammedshahidsiddiqui/Library/Developer/Xcode/DerivedData/FocusFlow-frjlktqpqizabufutavnzxvcztha/Build/Intermediates.noindex/FocusFlow.build/Debug-iphonesimulator/FocusFlowTests.build/Objects-normal/arm64/FocusFlowTests_const_extract_protocols.json -Xcc -iquote -Xcc /Users/muhammedshahidsiddiqui/Library/Developer/Xcode/DerivedData/FocusFlow-frjlktqpqizabufutavnzxvcztha/Build/Intermediates.noindex/FocusFlow.build/Debug-iphonesimulator/FocusFlowTests.build/FocusFlowTests-generated-files.hmap -Xcc -I/Users/muhammedshahidsiddiqui/Library/Developer/Xcode/DerivedData/FocusFlow-frjlktqpqizabufutavnzxvcztha/Build/Intermediates.noindex/FocusFlow.build/Debug-iphonesimulator/FocusFlowTests.build/FocusFlowTests-own-target-headers.hmap -Xcc -I/Users/muhammedshahidsiddiqui/Library/Developer/Xcode/DerivedData/FocusFlow-frjlktqpqizabufutavnzxvcztha/Build/Intermediates.noindex/FocusFlow.build/Debug-iphonesimulator/FocusFlowTests.build/FocusFlowTests-all-target-headers.hmap -Xcc -iquote -Xcc /Users/muhammedshahidsiddiqui/Library/Developer/Xcode/DerivedData/FocusFlow-frjlktqpqizabufutavnzxvcztha/Build/Intermediates.noindex/FocusFlow.build/Debug-iphonesimulator/FocusFlowTests.build/FocusFlowTests-project-headers.hmap -Xcc -I/Users/muhammedshahidsiddiqui/Library/Developer/Xcode/DerivedData/FocusFlow-frjlktqpqizabufutavnzxvcztha/Build/Products/Debug-iphonesimulator/include -Xcc -I/Users/muhammedshahidsiddiqui/Library/Developer/Xcode/DerivedData/FocusFlow-frjlktqpqizabufutavnzxvcztha/Build/Intermediates.noindex/FocusFlow.build/Debug-iphonesimulator/FocusFlowTests.build/DerivedSources-normal/arm64 -Xcc -I/Users/muhammedshahidsiddiqui/Library/Developer/Xcode/DerivedData/FocusFlow-frjlktqpqizabufutavnzxvcztha/Build/Intermediates.noindex/FocusFlow.build/Debug-iphonesimulator/FocusFlowTests.build/DerivedSources/arm64 -Xcc -I/Users/muhammedshahidsiddiqui/Library/Developer/Xcode/DerivedData/FocusFlow-frjlktqpqizabufutavnzxvcztha/Build/Intermediates.noindex/FocusFlow.build/Debug-iphonesimulator/FocusFlowTests.build/DerivedSources -Xcc -DDEBUG\=1 -emit-objc-header -emit-objc-header-path /Users/muhammedshahidsiddiqui/Library/Developer/Xcode/DerivedData/FocusFlow-frjlktqpqizabufutavnzxvcztha/Build/Intermediates.noindex/FocusFlow.build/Debug-iphonesimulator/FocusFlowTests.build/Objects-normal/arm64/FocusFlowTests-Swift.h -working-directory /Users/muhammedshahidsiddiqui/Desktop/chat/FocusFlow -experimental-emit-module-separately -disable-cmo

ProcessInfoPlistFile /Users/muhammedshahidsiddiqui/Library/Developer/Xcode/DerivedData/FocusFlow-frjlktqpqizabufutavnzxvcztha/Build/Products/Debug-iphonesimulator/FocusFlow.app/Info.plist /Users/muhammedshahidsiddiqui/Library/Developer/Xcode/DerivedData/FocusFlow-frjlktqpqizabufutavnzxvcztha/Build/Intermediates.noindex/FocusFlow.build/Debug-iphonesimulator/FocusFlow.build/empty-FocusFlow.plist (in target 'FocusFlow' from project 'FocusFlow')
    cd /Users/muhammedshahidsiddiqui/Desktop/chat/FocusFlow
    builtin-infoPlistUtility /Users/muhammedshahidsiddiqui/Library/Developer/Xcode/DerivedData/FocusFlow-frjlktqpqizabufutavnzxvcztha/Build/Intermediates.noindex/FocusFlow.build/Debug-iphonesimulator/FocusFlow.build/empty-FocusFlow.plist -producttype com.apple.product-type.application -genpkginfo /Users/muhammedshahidsiddiqui/Library/Developer/Xcode/DerivedData/FocusFlow-frjlktqpqizabufutavnzxvcztha/Build/Products/Debug-iphonesimulator/FocusFlow.app/PkgInfo -expandbuildsettings -format binary -platform iphonesimulator -additionalcontentfile /Users/muhammedshahidsiddiqui/Library/Developer/Xcode/DerivedData/FocusFlow-frjlktqpqizabufutavnzxvcztha/Build/Intermediates.noindex/FocusFlow.build/Debug-iphonesimulator/FocusFlow.build/assetcatalog_generated_info.plist -o /Users/muhammedshahidsiddiqui/Library/Developer/Xcode/DerivedData/FocusFlow-frjlktqpqizabufutavnzxvcztha/Build/Products/Debug-iphonesimulator/FocusFlow.app/Info.plist

SwiftEmitModule normal arm64 Emitting\ module\ for\ FocusFlowTests (in target 'FocusFlowTests' from project 'FocusFlow')
    cd /Users/muhammedshahidsiddiqui/Desktop/chat/FocusFlow
    builtin-swiftTaskExecution -- /Applications/Xcode.app/Contents/Developer/Toolchains/XcodeDefault.xctoolchain/usr/bin/swift-frontend -frontend -emit-module -experimental-skip-non-inlinable-function-bodies-without-types /Users/muhammedshahidsiddiqui/Desktop/chat/FocusFlow/FocusFlowTests/PresetStoreTests.swift /Users/muhammedshahidsiddiqui/Desktop/chat/FocusFlow/FocusFlowTests/TimerViewModelTests.swift -target arm64-apple-ios18.0-simulator -Xllvm -aarch64-use-tbi -enable-objc-interop -sdk /Applications/Xcode.app/Contents/Developer/Platforms/iPhoneSimulator.platform/Developer/SDKs/iPhoneSimulator18.0.sdk -I /Users/muhammedshahidsiddiqui/Library/Developer/Xcode/DerivedData/FocusFlow-frjlktqpqizabufutavnzxvcztha/Build/Products/Debug-iphonesimulator -I /Applications/Xcode.app/Contents/Developer/Platforms/iPhoneSimulator.platform/Developer/usr/lib -F /Users/muhammedshahidsiddiqui/Library/Developer/Xcode/DerivedData/FocusFlow-frjlktqpqizabufutavnzxvcztha/Build/Products/Debug-iphonesimulator -F /Applications/Xcode.app/Contents/Developer/Platforms/iPhoneSimulator.platform/Developer/Library/Frameworks -F /Applications/Xcode.app/Contents/Developer/Platforms/iPhoneSimulator.platform/Developer/SDKs/iPhoneSimulator18.0.sdk/Developer/Library/Frameworks -no-color-diagnostics -enable-testing -g -debug-info-format\=dwarf -dwarf-version\=5 -module-cache-path /Users/muhammedshahidsiddiqui/Library/Developer/Xcode/DerivedData/ModuleCache.noindex -profile-generate -profile-coverage-mapping -swift-version 5 -enforce-exclusivity\=checked -Onone -D DEBUG -serialize-debugging-options -const-gather-protocols-file /Users/muhammedshahidsiddiqui/Library/Developer/Xcode/DerivedData/FocusFlow-frjlktqpqizabufutavnzxvcztha/Build/Intermediates.noindex/FocusFlow.build/Debug-iphonesimulator/FocusFlowTests.build/Objects-normal/arm64/FocusFlowTests_const_extract_protocols.json -enable-experimental-feature DebugDescriptionMacro -enable-experimental-feature OpaqueTypeErasure -enable-bare-slash-regex -empty-abi-descriptor -plugin-path /Applications/Xcode.app/Contents/Developer/Toolchains/XcodeDefault.xctoolchain/usr/lib/swift/host/plugins/testing -validate-clang-modules-once -clang-build-session-file /Users/muhammedshahidsiddiqui/Library/Developer/Xcode/DerivedData/ModuleCache.noindex/Session.modulevalidation -Xcc -working-directory -Xcc /Users/muhammedshahidsiddiqui/Desktop/chat/FocusFlow -resource-dir /Applications/Xcode.app/Contents/Developer/Toolchains/XcodeDefault.xctoolchain/usr/lib/swift -enable-anonymous-context-mangled-names -file-compilation-dir /Users/muhammedshahidsiddiqui/Desktop/chat/FocusFlow -Xcc -D_LIBCPP_HARDENING_MODE\=_LIBCPP_HARDENING_MODE_DEBUG -Xcc -ivfsstatcache -Xcc /Users/muhammedshahidsiddiqui/Library/Developer/Xcode/DerivedData/SDKStatCaches.noindex/iphonesimulator18.0-22A3362-db63dc9361471f152f572502bdbfe70a.sdkstatcache -Xcc -I/Users/muhammedshahidsiddiqui/Library/Developer/Xcode/DerivedData/FocusFlow-frjlktqpqizabufutavnzxvcztha/Build/Intermediates.noindex/FocusFlow.build/Debug-iphonesimulator/FocusFlowTests.build/swift-overrides.hmap -Xcc -iquote -Xcc /Users/muhammedshahidsiddiqui/Library/Developer/Xcode/DerivedData/FocusFlow-frjlktqpqizabufutavnzxvcztha/Build/Intermediates.noindex/FocusFlow.build/Debug-iphonesimulator/FocusFlowTests.build/FocusFlowTests-generated-files.hmap -Xcc -I/Users/muhammedshahidsiddiqui/Library/Developer/Xcode/DerivedData/FocusFlow-frjlktqpqizabufutavnzxvcztha/Build/Intermediates.noindex/FocusFlow.build/Debug-iphonesimulator/FocusFlowTests.build/FocusFlowTests-own-target-headers.hmap -Xcc -I/Users/muhammedshahidsiddiqui/Library/Developer/Xcode/DerivedData/FocusFlow-frjlktqpqizabufutavnzxvcztha/Build/Intermediates.noindex/FocusFlow.build/Debug-iphonesimulator/FocusFlowTests.build/FocusFlowTests-all-target-headers.hmap -Xcc -iquote -Xcc /Users/muhammedshahidsiddiqui/Library/Developer/Xcode/DerivedData/FocusFlow-frjlktqpqizabufutavnzxvcztha/Build/Intermediates.noindex/FocusFlow.build/Debug-iphonesimulator/FocusFlowTests.build/FocusFlowTests-project-headers.hmap -Xcc -I/Users/muhammedshahidsiddiqui/Library/Developer/Xcode/DerivedData/FocusFlow-frjlktqpqizabufutavnzxvcztha/Build/Products/Debug-iphonesimulator/include -Xcc -I/Users/muhammedshahidsiddiqui/Library/Developer/Xcode/DerivedData/FocusFlow-frjlktqpqizabufutavnzxvcztha/Build/Intermediates.noindex/FocusFlow.build/Debug-iphonesimulator/FocusFlowTests.build/DerivedSources-normal/arm64 -Xcc -I/Users/muhammedshahidsiddiqui/Library/Developer/Xcode/DerivedData/FocusFlow-frjlktqpqizabufutavnzxvcztha/Build/Intermediates.noindex/FocusFlow.build/Debug-iphonesimulator/FocusFlowTests.build/DerivedSources/arm64 -Xcc -I/Users/muhammedshahidsiddiqui/Library/Developer/Xcode/DerivedData/FocusFlow-frjlktqpqizabufutavnzxvcztha/Build/Intermediates.noindex/FocusFlow.build/Debug-iphonesimulator/FocusFlowTests.build/DerivedSources -Xcc -DDEBUG\=1 -module-name FocusFlowTests -frontend-parseable-output -disable-clang-spi -target-sdk-version 18.0 -target-sdk-name iphonesimulator18.0 -external-plugin-path /Applications/Xcode.app/Contents/Developer/Platforms/iPhoneOS.platform/Developer/usr/lib/swift/host/plugins\#/Applications/Xcode.app/Contents/Developer/Platforms/iPhoneOS.platform/Developer/usr/bin/swift-plugin-server -external-plugin-path /Applications/Xcode.app/Contents/Developer/Platforms/iPhoneOS.platform/Developer/usr/local/lib/swift/host/plugins\#/Applications/Xcode.app/Contents/Developer/Platforms/iPhoneOS.platform/Developer/usr/bin/swift-plugin-server -plugin-path /Applications/Xcode.app/Contents/Developer/Toolchains/XcodeDefault.xctoolchain/usr/lib/swift/host/plugins -plugin-path /Applications/Xcode.app/Contents/Developer/Toolchains/XcodeDefault.xctoolchain/usr/local/lib/swift/host/plugins -emit-module-doc-path /Users/muhammedshahidsiddiqui/Library/Developer/Xcode/DerivedData/FocusFlow-frjlktqpqizabufutavnzxvcztha/Build/Intermediates.noindex/FocusFlow.build/Debug-iphonesimulator/FocusFlowTests.build/Objects-normal/arm64/FocusFlowTests.swiftdoc -emit-module-source-info-path /Users/muhammedshahidsiddiqui/Library/Developer/Xcode/DerivedData/FocusFlow-frjlktqpqizabufutavnzxvcztha/Build/Intermediates.noindex/FocusFlow.build/Debug-iphonesimulator/FocusFlowTests.build/Objects-normal/arm64/FocusFlowTests.swiftsourceinfo -emit-objc-header-path /Users/muhammedshahidsiddiqui/Library/Developer/Xcode/DerivedData/FocusFlow-frjlktqpqizabufutavnzxvcztha/Build/Intermediates.noindex/FocusFlow.build/Debug-iphonesimulator/FocusFlowTests.build/Objects-normal/arm64/FocusFlowTests-Swift.h -serialize-diagnostics-path /Users/muhammedshahidsiddiqui/Library/Developer/Xcode/DerivedData/FocusFlow-frjlktqpqizabufutavnzxvcztha/Build/Intermediates.noindex/FocusFlow.build/Debug-iphonesimulator/FocusFlowTests.build/Objects-normal/arm64/FocusFlowTests-master-emit-module.dia -emit-dependencies-path /Users/muhammedshahidsiddiqui/Library/Developer/Xcode/DerivedData/FocusFlow-frjlktqpqizabufutavnzxvcztha/Build/Intermediates.noindex/FocusFlow.build/Debug-iphonesimulator/FocusFlowTests.build/Objects-normal/arm64/FocusFlowTests-master-emit-module.d -o /Users/muhammedshahidsiddiqui/Library/Developer/Xcode/DerivedData/FocusFlow-frjlktqpqizabufutavnzxvcztha/Build/Intermediates.noindex/FocusFlow.build/Debug-iphonesimulator/FocusFlowTests.build/Objects-normal/arm64/FocusFlowTests.swiftmodule -emit-abi-descriptor-path /Users/muhammedshahidsiddiqui/Library/Developer/Xcode/DerivedData/FocusFlow-frjlktqpqizabufutavnzxvcztha/Build/Intermediates.noindex/FocusFlow.build/Debug-iphonesimulator/FocusFlowTests.build/Objects-normal/arm64/FocusFlowTests.abi.json
EmitSwiftModule normal arm64 (in target 'FocusFlowTests' from project 'FocusFlow')
    cd /Users/muhammedshahidsiddiqui/Desktop/chat/FocusFlow
    /Applications/Xcode.app/Contents/Developer/Toolchains/XcodeDefault.xctoolchain/usr/bin/swift-frontend -emit-module -experimental-skip-non-inlinable-function-bodies-without-types /Users/muhammedshahidsiddiqui/Desktop/chat/FocusFlow/FocusFlowTests/PresetStoreTests.swift /Users/muhammedshahidsiddiqui/Desktop/chat/FocusFlow/FocusFlowTests/TimerViewModelTests.swift -target arm64-apple-ios18.0-simulator -Xllvm -aarch64-use-tbi -enable-objc-interop -sdk /Applications/Xcode.app/Contents/Developer/Platforms/iPhoneSimulator.platform/Developer/SDKs/iPhoneSimulator18.0.sdk -I /Users/muhammedshahidsiddiqui/Library/Developer/Xcode/DerivedData/FocusFlow-frjlktqpqizabufutavnzxvcztha/Build/Products/Debug-iphonesimulator -I /Applications/Xcode.app/Contents/Developer/Platforms/iPhoneSimulator.platform/Developer/usr/lib -F /Users/muhammedshahidsiddiqui/Library/Developer/Xcode/DerivedData/FocusFlow-frjlktqpqizabufutavnzxvcztha/Build/Products/Debug-iphonesimulator -F /Applications/Xcode.app/Contents/Developer/Platforms/iPhoneSimulator.platform/Developer/Library/Frameworks -F /Applications/Xcode.app/Contents/Developer/Platforms/iPhoneSimulator.platform/Developer/SDKs/iPhoneSimulator18.0.sdk/Developer/Library/Frameworks -no-color-diagnostics -enable-testing -g -debug-info-format\=dwarf -dwarf-version\=5 -module-cache-path /Users/muhammedshahidsiddiqui/Library/Developer/Xcode/DerivedData/ModuleCache.noindex -profile-generate -profile-coverage-mapping -swift-version 5 -enforce-exclusivity\=checked -Onone -D DEBUG -serialize-debugging-options -const-gather-protocols-file /Users/muhammedshahidsiddiqui/Library/Developer/Xcode/DerivedData/FocusFlow-frjlktqpqizabufutavnzxvcztha/Build/Intermediates.noindex/FocusFlow.build/Debug-iphonesimulator/FocusFlowTests.build/Objects-normal/arm64/FocusFlowTests_const_extract_protocols.json -enable-experimental-feature DebugDescriptionMacro -enable-experimental-feature OpaqueTypeErasure -enable-bare-slash-regex -empty-abi-descriptor -plugin-path /Applications/Xcode.app/Contents/Developer/Toolchains/XcodeDefault.xctoolchain/usr/lib/swift/host/plugins/testing -validate-clang-modules-once -clang-build-session-file /Users/muhammedshahidsiddiqui/Library/Developer/Xcode/DerivedData/ModuleCache.noindex/Session.modulevalidation -Xcc -working-directory -Xcc /Users/muhammedshahidsiddiqui/Desktop/chat/FocusFlow -resource-dir /Applications/Xcode.app/Contents/Developer/Toolchains/XcodeDefault.xctoolchain/usr/lib/swift -enable-anonymous-context-mangled-names -file-compilation-dir /Users/muhammedshahidsiddiqui/Desktop/chat/FocusFlow -Xcc -D_LIBCPP_HARDENING_MODE\=_LIBCPP_HARDENING_MODE_DEBUG -Xcc -ivfsstatcache -Xcc /Users/muhammedshahidsiddiqui/Library/Developer/Xcode/DerivedData/SDKStatCaches.noindex/iphonesimulator18.0-22A3362-db63dc9361471f152f572502bdbfe70a.sdkstatcache -Xcc -I/Users/muhammedshahidsiddiqui/Library/Developer/Xcode/DerivedData/FocusFlow-frjlktqpqizabufutavnzxvcztha/Build/Intermediates.noindex/FocusFlow.build/Debug-iphonesimulator/FocusFlowTests.build/swift-overrides.hmap -Xcc -iquote -Xcc /Users/muhammedshahidsiddiqui/Library/Developer/Xcode/DerivedData/FocusFlow-frjlktqpqizabufutavnzxvcztha/Build/Intermediates.noindex/FocusFlow.build/Debug-iphonesimulator/FocusFlowTests.build/FocusFlowTests-generated-files.hmap -Xcc -I/Users/muhammedshahidsiddiqui/Library/Developer/Xcode/DerivedData/FocusFlow-frjlktqpqizabufutavnzxvcztha/Build/Intermediates.noindex/FocusFlow.build/Debug-iphonesimulator/FocusFlowTests.build/FocusFlowTests-own-target-headers.hmap -Xcc -I/Users/muhammedshahidsiddiqui/Library/Developer/Xcode/DerivedData/FocusFlow-frjlktqpqizabufutavnzxvcztha/Build/Intermediates.noindex/FocusFlow.build/Debug-iphonesimulator/FocusFlowTests.build/FocusFlowTests-all-target-headers.hmap -Xcc -iquote -Xcc /Users/muhammedshahidsiddiqui/Library/Developer/Xcode/DerivedData/FocusFlow-frjlktqpqizabufutavnzxvcztha/Build/Intermediates.noindex/FocusFlow.build/Debug-iphonesimulator/FocusFlowTests.build/FocusFlowTests-project-headers.hmap -Xcc -I/Users/muhammedshahidsiddiqui/Library/Developer/Xcode/DerivedData/FocusFlow-frjlktqpqizabufutavnzxvcztha/Build/Products/Debug-iphonesimulator/include -Xcc -I/Users/muhammedshahidsiddiqui/Library/Developer/Xcode/DerivedData/FocusFlow-frjlktqpqizabufutavnzxvcztha/Build/Intermediates.noindex/FocusFlow.build/Debug-iphonesimulator/FocusFlowTests.build/DerivedSources-normal/arm64 -Xcc -I/Users/muhammedshahidsiddiqui/Library/Developer/Xcode/DerivedData/FocusFlow-frjlktqpqizabufutavnzxvcztha/Build/Intermediates.noindex/FocusFlow.build/Debug-iphonesimulator/FocusFlowTests.build/DerivedSources/arm64 -Xcc -I/Users/muhammedshahidsiddiqui/Library/Developer/Xcode/DerivedData/FocusFlow-frjlktqpqizabufutavnzxvcztha/Build/Intermediates.noindex/FocusFlow.build/Debug-iphonesimulator/FocusFlowTests.build/DerivedSources -Xcc -DDEBUG\=1 -module-name FocusFlowTests -frontend-parseable-output -disable-clang-spi -target-sdk-version 18.0 -target-sdk-name iphonesimulator18.0 -external-plugin-path /Applications/Xcode.app/Contents/Developer/Platforms/iPhoneOS.platform/Developer/usr/lib/swift/host/plugins\#/Applications/Xcode.app/Contents/Developer/Platforms/iPhoneOS.platform/Developer/usr/bin/swift-plugin-server -external-plugin-path /Applications/Xcode.app/Contents/Developer/Platforms/iPhoneOS.platform/Developer/usr/local/lib/swift/host/plugins\#/Applications/Xcode.app/Contents/Developer/Platforms/iPhoneOS.platform/Developer/usr/bin/swift-plugin-server -plugin-path /Applications/Xcode.app/Contents/Developer/Toolchains/XcodeDefault.xctoolchain/usr/lib/swift/host/plugins -plugin-path /Applications/Xcode.app/Contents/Developer/Toolchains/XcodeDefault.xctoolchain/usr/local/lib/swift/host/plugins -emit-module-doc-path /Users/muhammedshahidsiddiqui/Library/Developer/Xcode/DerivedData/FocusFlow-frjlktqpqizabufutavnzxvcztha/Build/Intermediates.noindex/FocusFlow.build/Debug-iphonesimulator/FocusFlowTests.build/Objects-normal/arm64/FocusFlowTests.swiftdoc -emit-module-source-info-path /Users/muhammedshahidsiddiqui/Library/Developer/Xcode/DerivedData/FocusFlow-frjlktqpqizabufutavnzxvcztha/Build/Intermediates.noindex/FocusFlow.build/Debug-iphonesimulator/FocusFlowTests.build/Objects-normal/arm64/FocusFlowTests.swiftsourceinfo -emit-objc-header-path /Users/muhammedshahidsiddiqui/Library/Developer/Xcode/DerivedData/FocusFlow-frjlktqpqizabufutavnzxvcztha/Build/Intermediates.noindex/FocusFlow.build/Debug-iphonesimulator/FocusFlowTests.build/Objects-normal/arm64/FocusFlowTests-Swift.h -serialize-diagnostics-path /Users/muhammedshahidsiddiqui/Library/Developer/Xcode/DerivedData/FocusFlow-frjlktqpqizabufutavnzxvcztha/Build/Intermediates.noindex/FocusFlow.build/Debug-iphonesimulator/FocusFlowTests.build/Objects-normal/arm64/FocusFlowTests-master-emit-module.dia -emit-dependencies-path /Users/muhammedshahidsiddiqui/Library/Developer/Xcode/DerivedData/FocusFlow-frjlktqpqizabufutavnzxvcztha/Build/Intermediates.noindex/FocusFlow.build/Debug-iphonesimulator/FocusFlowTests.build/Objects-normal/arm64/FocusFlowTests-master-emit-module.d -o /Users/muhammedshahidsiddiqui/Library/Developer/Xcode/DerivedData/FocusFlow-frjlktqpqizabufutavnzxvcztha/Build/Intermediates.noindex/FocusFlow.build/Debug-iphonesimulator/FocusFlowTests.build/Objects-normal/arm64/FocusFlowTests.swiftmodule -emit-abi-descriptor-path /Users/muhammedshahidsiddiqui/Library/Developer/Xcode/DerivedData/FocusFlow-frjlktqpqizabufutavnzxvcztha/Build/Intermediates.noindex/FocusFlow.build/Debug-iphonesimulator/FocusFlowTests.build/Objects-normal/arm64/FocusFlowTests.abi.json

SwiftCompile normal arm64 Compiling\ PresetStoreTests.swift /Users/muhammedshahidsiddiqui/Desktop/chat/FocusFlow/FocusFlowTests/PresetStoreTests.swift (in target 'FocusFlowTests' from project 'FocusFlow')
    cd /Users/muhammedshahidsiddiqui/Desktop/chat/FocusFlow
    builtin-swiftTaskExecution -- /Applications/Xcode.app/Contents/Developer/Toolchains/XcodeDefault.xctoolchain/usr/bin/swift-frontend -frontend -c -primary-file /Users/muhammedshahidsiddiqui/Desktop/chat/FocusFlow/FocusFlowTests/PresetStoreTests.swift /Users/muhammedshahidsiddiqui/Desktop/chat/FocusFlow/FocusFlowTests/TimerViewModelTests.swift -emit-dependencies-path /Users/muhammedshahidsiddiqui/Library/Developer/Xcode/DerivedData/FocusFlow-frjlktqpqizabufutavnzxvcztha/Build/Intermediates.noindex/FocusFlow.build/Debug-iphonesimulator/FocusFlowTests.build/Objects-normal/arm64/PresetStoreTests.d -emit-const-values-path /Users/muhammedshahidsiddiqui/Library/Developer/Xcode/DerivedData/FocusFlow-frjlktqpqizabufutavnzxvcztha/Build/Intermediates.noindex/FocusFlow.build/Debug-iphonesimulator/FocusFlowTests.build/Objects-normal/arm64/PresetStoreTests.swiftconstvalues -emit-reference-dependencies-path /Users/muhammedshahidsiddiqui/Library/Developer/Xcode/DerivedData/FocusFlow-frjlktqpqizabufutavnzxvcztha/Build/Intermediates.noindex/FocusFlow.build/Debug-iphonesimulator/FocusFlowTests.build/Objects-normal/arm64/PresetStoreTests.swiftdeps -serialize-diagnostics-path /Users/muhammedshahidsiddiqui/Library/Developer/Xcode/DerivedData/FocusFlow-frjlktqpqizabufutavnzxvcztha/Build/Intermediates.noindex/FocusFlow.build/Debug-iphonesimulator/FocusFlowTests.build/Objects-normal/arm64/PresetStoreTests.dia -target arm64-apple-ios18.0-simulator -Xllvm -aarch64-use-tbi -enable-objc-interop -sdk /Applications/Xcode.app/Contents/Developer/Platforms/iPhoneSimulator.platform/Developer/SDKs/iPhoneSimulator18.0.sdk -I /Users/muhammedshahidsiddiqui/Library/Developer/Xcode/DerivedData/FocusFlow-frjlktqpqizabufutavnzxvcztha/Build/Products/Debug-iphonesimulator -I /Applications/Xcode.app/Contents/Developer/Platforms/iPhoneSimulator.platform/Developer/usr/lib -F /Users/muhammedshahidsiddiqui/Library/Developer/Xcode/DerivedData/FocusFlow-frjlktqpqizabufutavnzxvcztha/Build/Products/Debug-iphonesimulator -F /Applications/Xcode.app/Contents/Developer/Platforms/iPhoneSimulator.platform/Developer/Library/Frameworks -F /Applications/Xcode.app/Contents/Developer/Platforms/iPhoneSimulator.platform/Developer/SDKs/iPhoneSimulator18.0.sdk/Developer/Library/Frameworks -no-color-diagnostics -enable-testing -g -debug-info-format\=dwarf -dwarf-version\=5 -module-cache-path /Users/muhammedshahidsiddiqui/Library/Developer/Xcode/DerivedData/ModuleCache.noindex -profile-generate -profile-coverage-mapping -swift-version 5 -enforce-exclusivity\=checked -Onone -D DEBUG -serialize-debugging-options -const-gather-protocols-file /Users/muhammedshahidsiddiqui/Library/Developer/Xcode/DerivedData/FocusFlow-frjlktqpqizabufutavnzxvcztha/Build/Intermediates.noindex/FocusFlow.build/Debug-iphonesimulator/FocusFlowTests.build/Objects-normal/arm64/FocusFlowTests_const_extract_protocols.json -enable-experimental-feature DebugDescriptionMacro -enable-experimental-feature OpaqueTypeErasure -enable-bare-slash-regex -empty-abi-descriptor -plugin-path /Applications/Xcode.app/Contents/Developer/Toolchains/XcodeDefault.xctoolchain/usr/lib/swift/host/plugins/testing -validate-clang-modules-once -clang-build-session-file /Users/muhammedshahidsiddiqui/Library/Developer/Xcode/DerivedData/ModuleCache.noindex/Session.modulevalidation -Xcc -working-directory -Xcc /Users/muhammedshahidsiddiqui/Desktop/chat/FocusFlow -resource-dir /Applications/Xcode.app/Contents/Developer/Toolchains/XcodeDefault.xctoolchain/usr/lib/swift -enable-anonymous-context-mangled-names -file-compilation-dir /Users/muhammedshahidsiddiqui/Desktop/chat/FocusFlow -Xcc -D_LIBCPP_HARDENING_MODE\=_LIBCPP_HARDENING_MODE_DEBUG -Xcc -ivfsstatcache -Xcc /Users/muhammedshahidsiddiqui/Library/Developer/Xcode/DerivedData/SDKStatCaches.noindex/iphonesimulator18.0-22A3362-db63dc9361471f152f572502bdbfe70a.sdkstatcache -Xcc -I/Users/muhammedshahidsiddiqui/Library/Developer/Xcode/DerivedData/FocusFlow-frjlktqpqizabufutavnzxvcztha/Build/Intermediates.noindex/FocusFlow.build/Debug-iphonesimulator/FocusFlowTests.build/swift-overrides.hmap -Xcc -iquote -Xcc /Users/muhammedshahidsiddiqui/Library/Developer/Xcode/DerivedData/FocusFlow-frjlktqpqizabufutavnzxvcztha/Build/Intermediates.noindex/FocusFlow.build/Debug-iphonesimulator/FocusFlowTests.build/FocusFlowTests-generated-files.hmap -Xcc -I/Users/muhammedshahidsiddiqui/Library/Developer/Xcode/DerivedData/FocusFlow-frjlktqpqizabufutavnzxvcztha/Build/Intermediates.noindex/FocusFlow.build/Debug-iphonesimulator/FocusFlowTests.build/FocusFlowTests-own-target-headers.hmap -Xcc -I/Users/muhammedshahidsiddiqui/Library/Developer/Xcode/DerivedData/FocusFlow-frjlktqpqizabufutavnzxvcztha/Build/Intermediates.noindex/FocusFlow.build/Debug-iphonesimulator/FocusFlowTests.build/FocusFlowTests-all-target-headers.hmap -Xcc -iquote -Xcc /Users/muhammedshahidsiddiqui/Library/Developer/Xcode/DerivedData/FocusFlow-frjlktqpqizabufutavnzxvcztha/Build/Intermediates.noindex/FocusFlow.build/Debug-iphonesimulator/FocusFlowTests.build/FocusFlowTests-project-headers.hmap -Xcc -I/Users/muhammedshahidsiddiqui/Library/Developer/Xcode/DerivedData/FocusFlow-frjlktqpqizabufutavnzxvcztha/Build/Products/Debug-iphonesimulator/include -Xcc -I/Users/muhammedshahidsiddiqui/Library/Developer/Xcode/DerivedData/FocusFlow-frjlktqpqizabufutavnzxvcztha/Build/Intermediates.noindex/FocusFlow.build/Debug-iphonesimulator/FocusFlowTests.build/DerivedSources-normal/arm64 -Xcc -I/Users/muhammedshahidsiddiqui/Library/Developer/Xcode/DerivedData/FocusFlow-frjlktqpqizabufutavnzxvcztha/Build/Intermediates.noindex/FocusFlow.build/Debug-iphonesimulator/FocusFlowTests.build/DerivedSources/arm64 -Xcc -I/Users/muhammedshahidsiddiqui/Library/Developer/Xcode/DerivedData/FocusFlow-frjlktqpqizabufutavnzxvcztha/Build/Intermediates.noindex/FocusFlow.build/Debug-iphonesimulator/FocusFlowTests.build/DerivedSources -Xcc -DDEBUG\=1 -module-name FocusFlowTests -frontend-parseable-output -disable-clang-spi -target-sdk-version 18.0 -target-sdk-name iphonesimulator18.0 -external-plugin-path /Applications/Xcode.app/Contents/Developer/Platforms/iPhoneOS.platform/Developer/usr/lib/swift/host/plugins\#/Applications/Xcode.app/Contents/Developer/Platforms/iPhoneOS.platform/Developer/usr/bin/swift-plugin-server -external-plugin-path /Applications/Xcode.app/Contents/Developer/Platforms/iPhoneOS.platform/Developer/usr/local/lib/swift/host/plugins\#/Applications/Xcode.app/Contents/Developer/Platforms/iPhoneOS.platform/Developer/usr/bin/swift-plugin-server -plugin-path /Applications/Xcode.app/Contents/Developer/Toolchains/XcodeDefault.xctoolchain/usr/lib/swift/host/plugins -plugin-path /Applications/Xcode.app/Contents/Developer/Toolchains/XcodeDefault.xctoolchain/usr/local/lib/swift/host/plugins -o /Users/muhammedshahidsiddiqui/Library/Developer/Xcode/DerivedData/FocusFlow-frjlktqpqizabufutavnzxvcztha/Build/Intermediates.noindex/FocusFlow.build/Debug-iphonesimulator/FocusFlowTests.build/Objects-normal/arm64/PresetStoreTests.o -index-unit-output-path /FocusFlow.build/Debug-iphonesimulator/FocusFlowTests.build/Objects-normal/arm64/PresetStoreTests.o -index-store-path /Users/muhammedshahidsiddiqui/Library/Developer/Xcode/DerivedData/FocusFlow-frjlktqpqizabufutavnzxvcztha/Index.noindex/DataStore -index-system-modules
SwiftCompile normal arm64 /Users/muhammedshahidsiddiqui/Desktop/chat/FocusFlow/FocusFlowTests/PresetStoreTests.swift (in target 'FocusFlowTests' from project 'FocusFlow')
    cd /Users/muhammedshahidsiddiqui/Desktop/chat/FocusFlow
    /Applications/Xcode.app/Contents/Developer/Toolchains/XcodeDefault.xctoolchain/usr/bin/swift-frontend -c -primary-file /Users/muhammedshahidsiddiqui/Desktop/chat/FocusFlow/FocusFlowTests/PresetStoreTests.swift /Users/muhammedshahidsiddiqui/Desktop/chat/FocusFlow/FocusFlowTests/TimerViewModelTests.swift -emit-dependencies-path /Users/muhammedshahidsiddiqui/Library/Developer/Xcode/DerivedData/FocusFlow-frjlktqpqizabufutavnzxvcztha/Build/Intermediates.noindex/FocusFlow.build/Debug-iphonesimulator/FocusFlowTests.build/Objects-normal/arm64/PresetStoreTests.d -emit-const-values-path /Users/muhammedshahidsiddiqui/Library/Developer/Xcode/DerivedData/FocusFlow-frjlktqpqizabufutavnzxvcztha/Build/Intermediates.noindex/FocusFlow.build/Debug-iphonesimulator/FocusFlowTests.build/Objects-normal/arm64/PresetStoreTests.swiftconstvalues -emit-reference-dependencies-path /Users/muhammedshahidsiddiqui/Library/Developer/Xcode/DerivedData/FocusFlow-frjlktqpqizabufutavnzxvcztha/Build/Intermediates.noindex/FocusFlow.build/Debug-iphonesimulator/FocusFlowTests.build/Objects-normal/arm64/PresetStoreTests.swiftdeps -serialize-diagnostics-path /Users/muhammedshahidsiddiqui/Library/Developer/Xcode/DerivedData/FocusFlow-frjlktqpqizabufutavnzxvcztha/Build/Intermediates.noindex/FocusFlow.build/Debug-iphonesimulator/FocusFlowTests.build/Objects-normal/arm64/PresetStoreTests.dia -target arm64-apple-ios18.0-simulator -Xllvm -aarch64-use-tbi -enable-objc-interop -sdk /Applications/Xcode.app/Contents/Developer/Platforms/iPhoneSimulator.platform/Developer/SDKs/iPhoneSimulator18.0.sdk -I /Users/muhammedshahidsiddiqui/Library/Developer/Xcode/DerivedData/FocusFlow-frjlktqpqizabufutavnzxvcztha/Build/Products/Debug-iphonesimulator -I /Applications/Xcode.app/Contents/Developer/Platforms/iPhoneSimulator.platform/Developer/usr/lib -F /Users/muhammedshahidsiddiqui/Library/Developer/Xcode/DerivedData/FocusFlow-frjlktqpqizabufutavnzxvcztha/Build/Products/Debug-iphonesimulator -F /Applications/Xcode.app/Contents/Developer/Platforms/iPhoneSimulator.platform/Developer/Library/Frameworks -F /Applications/Xcode.app/Contents/Developer/Platforms/iPhoneSimulator.platform/Developer/SDKs/iPhoneSimulator18.0.sdk/Developer/Library/Frameworks -no-color-diagnostics -enable-testing -g -debug-info-format\=dwarf -dwarf-version\=5 -module-cache-path /Users/muhammedshahidsiddiqui/Library/Developer/Xcode/DerivedData/ModuleCache.noindex -profile-generate -profile-coverage-mapping -swift-version 5 -enforce-exclusivity\=checked -Onone -D DEBUG -serialize-debugging-options -const-gather-protocols-file /Users/muhammedshahidsiddiqui/Library/Developer/Xcode/DerivedData/FocusFlow-frjlktqpqizabufutavnzxvcztha/Build/Intermediates.noindex/FocusFlow.build/Debug-iphonesimulator/FocusFlowTests.build/Objects-normal/arm64/FocusFlowTests_const_extract_protocols.json -enable-experimental-feature DebugDescriptionMacro -enable-experimental-feature OpaqueTypeErasure -enable-bare-slash-regex -empty-abi-descriptor -plugin-path /Applications/Xcode.app/Contents/Developer/Toolchains/XcodeDefault.xctoolchain/usr/lib/swift/host/plugins/testing -validate-clang-modules-once -clang-build-session-file /Users/muhammedshahidsiddiqui/Library/Developer/Xcode/DerivedData/ModuleCache.noindex/Session.modulevalidation -Xcc -working-directory -Xcc /Users/muhammedshahidsiddiqui/Desktop/chat/FocusFlow -resource-dir /Applications/Xcode.app/Contents/Developer/Toolchains/XcodeDefault.xctoolchain/usr/lib/swift -enable-anonymous-context-mangled-names -file-compilation-dir /Users/muhammedshahidsiddiqui/Desktop/chat/FocusFlow -Xcc -D_LIBCPP_HARDENING_MODE\=_LIBCPP_HARDENING_MODE_DEBUG -Xcc -ivfsstatcache -Xcc /Users/muhammedshahidsiddiqui/Library/Developer/Xcode/DerivedData/SDKStatCaches.noindex/iphonesimulator18.0-22A3362-db63dc9361471f152f572502bdbfe70a.sdkstatcache -Xcc -I/Users/muhammedshahidsiddiqui/Library/Developer/Xcode/DerivedData/FocusFlow-frjlktqpqizabufutavnzxvcztha/Build/Intermediates.noindex/FocusFlow.build/Debug-iphonesimulator/FocusFlowTests.build/swift-overrides.hmap -Xcc -iquote -Xcc /Users/muhammedshahidsiddiqui/Library/Developer/Xcode/DerivedData/FocusFlow-frjlktqpqizabufutavnzxvcztha/Build/Intermediates.noindex/FocusFlow.build/Debug-iphonesimulator/FocusFlowTests.build/FocusFlowTests-generated-files.hmap -Xcc -I/Users/muhammedshahidsiddiqui/Library/Developer/Xcode/DerivedData/FocusFlow-frjlktqpqizabufutavnzxvcztha/Build/Intermediates.noindex/FocusFlow.build/Debug-iphonesimulator/FocusFlowTests.build/FocusFlowTests-own-target-headers.hmap -Xcc -I/Users/muhammedshahidsiddiqui/Library/Developer/Xcode/DerivedData/FocusFlow-frjlktqpqizabufutavnzxvcztha/Build/Intermediates.noindex/FocusFlow.build/Debug-iphonesimulator/FocusFlowTests.build/FocusFlowTests-all-target-headers.hmap -Xcc -iquote -Xcc /Users/muhammedshahidsiddiqui/Library/Developer/Xcode/DerivedData/FocusFlow-frjlktqpqizabufutavnzxvcztha/Build/Intermediates.noindex/FocusFlow.build/Debug-iphonesimulator/FocusFlowTests.build/FocusFlowTests-project-headers.hmap -Xcc -I/Users/muhammedshahidsiddiqui/Library/Developer/Xcode/DerivedData/FocusFlow-frjlktqpqizabufutavnzxvcztha/Build/Products/Debug-iphonesimulator/include -Xcc -I/Users/muhammedshahidsiddiqui/Library/Developer/Xcode/DerivedData/FocusFlow-frjlktqpqizabufutavnzxvcztha/Build/Intermediates.noindex/FocusFlow.build/Debug-iphonesimulator/FocusFlowTests.build/DerivedSources-normal/arm64 -Xcc -I/Users/muhammedshahidsiddiqui/Library/Developer/Xcode/DerivedData/FocusFlow-frjlktqpqizabufutavnzxvcztha/Build/Intermediates.noindex/FocusFlow.build/Debug-iphonesimulator/FocusFlowTests.build/DerivedSources/arm64 -Xcc -I/Users/muhammedshahidsiddiqui/Library/Developer/Xcode/DerivedData/FocusFlow-frjlktqpqizabufutavnzxvcztha/Build/Intermediates.noindex/FocusFlow.build/Debug-iphonesimulator/FocusFlowTests.build/DerivedSources -Xcc -DDEBUG\=1 -module-name FocusFlowTests -frontend-parseable-output -disable-clang-spi -target-sdk-version 18.0 -target-sdk-name iphonesimulator18.0 -external-plugin-path /Applications/Xcode.app/Contents/Developer/Platforms/iPhoneOS.platform/Developer/usr/lib/swift/host/plugins\#/Applications/Xcode.app/Contents/Developer/Platforms/iPhoneOS.platform/Developer/usr/bin/swift-plugin-server -external-plugin-path /Applications/Xcode.app/Contents/Developer/Platforms/iPhoneOS.platform/Developer/usr/local/lib/swift/host/plugins\#/Applications/Xcode.app/Contents/Developer/Platforms/iPhoneOS.platform/Developer/usr/bin/swift-plugin-server -plugin-path /Applications/Xcode.app/Contents/Developer/Toolchains/XcodeDefault.xctoolchain/usr/lib/swift/host/plugins -plugin-path /Applications/Xcode.app/Contents/Developer/Toolchains/XcodeDefault.xctoolchain/usr/local/lib/swift/host/plugins -o /Users/muhammedshahidsiddiqui/Library/Developer/Xcode/DerivedData/FocusFlow-frjlktqpqizabufutavnzxvcztha/Build/Intermediates.noindex/FocusFlow.build/Debug-iphonesimulator/FocusFlowTests.build/Objects-normal/arm64/PresetStoreTests.o -index-unit-output-path /FocusFlow.build/Debug-iphonesimulator/FocusFlowTests.build/Objects-normal/arm64/PresetStoreTests.o -index-store-path /Users/muhammedshahidsiddiqui/Library/Developer/Xcode/DerivedData/FocusFlow-frjlktqpqizabufutavnzxvcztha/Index.noindex/DataStore -index-system-modules

SwiftCompile normal arm64 Compiling\ TimerViewModelTests.swift /Users/muhammedshahidsiddiqui/Desktop/chat/FocusFlow/FocusFlowTests/TimerViewModelTests.swift (in target 'FocusFlowTests' from project 'FocusFlow')
    cd /Users/muhammedshahidsiddiqui/Desktop/chat/FocusFlow
    builtin-swiftTaskExecution -- /Applications/Xcode.app/Contents/Developer/Toolchains/XcodeDefault.xctoolchain/usr/bin/swift-frontend -frontend -c /Users/muhammedshahidsiddiqui/Desktop/chat/FocusFlow/FocusFlowTests/PresetStoreTests.swift -primary-file /Users/muhammedshahidsiddiqui/Desktop/chat/FocusFlow/FocusFlowTests/TimerViewModelTests.swift -emit-dependencies-path /Users/muhammedshahidsiddiqui/Library/Developer/Xcode/DerivedData/FocusFlow-frjlktqpqizabufutavnzxvcztha/Build/Intermediates.noindex/FocusFlow.build/Debug-iphonesimulator/FocusFlowTests.build/Objects-normal/arm64/TimerViewModelTests.d -emit-const-values-path /Users/muhammedshahidsiddiqui/Library/Developer/Xcode/DerivedData/FocusFlow-frjlktqpqizabufutavnzxvcztha/Build/Intermediates.noindex/FocusFlow.build/Debug-iphonesimulator/FocusFlowTests.build/Objects-normal/arm64/TimerViewModelTests.swiftconstvalues -emit-reference-dependencies-path /Users/muhammedshahidsiddiqui/Library/Developer/Xcode/DerivedData/FocusFlow-frjlktqpqizabufutavnzxvcztha/Build/Intermediates.noindex/FocusFlow.build/Debug-iphonesimulator/FocusFlowTests.build/Objects-normal/arm64/TimerViewModelTests.swiftdeps -serialize-diagnostics-path /Users/muhammedshahidsiddiqui/Library/Developer/Xcode/DerivedData/FocusFlow-frjlktqpqizabufutavnzxvcztha/Build/Intermediates.noindex/FocusFlow.build/Debug-iphonesimulator/FocusFlowTests.build/Objects-normal/arm64/TimerViewModelTests.dia -target arm64-apple-ios18.0-simulator -Xllvm -aarch64-use-tbi -enable-objc-interop -sdk /Applications/Xcode.app/Contents/Developer/Platforms/iPhoneSimulator.platform/Developer/SDKs/iPhoneSimulator18.0.sdk -I /Users/muhammedshahidsiddiqui/Library/Developer/Xcode/DerivedData/FocusFlow-frjlktqpqizabufutavnzxvcztha/Build/Products/Debug-iphonesimulator -I /Applications/Xcode.app/Contents/Developer/Platforms/iPhoneSimulator.platform/Developer/usr/lib -F /Users/muhammedshahidsiddiqui/Library/Developer/Xcode/DerivedData/FocusFlow-frjlktqpqizabufutavnzxvcztha/Build/Products/Debug-iphonesimulator -F /Applications/Xcode.app/Contents/Developer/Platforms/iPhoneSimulator.platform/Developer/Library/Frameworks -F /Applications/Xcode.app/Contents/Developer/Platforms/iPhoneSimulator.platform/Developer/SDKs/iPhoneSimulator18.0.sdk/Developer/Library/Frameworks -no-color-diagnostics -enable-testing -g -debug-info-format\=dwarf -dwarf-version\=5 -module-cache-path /Users/muhammedshahidsiddiqui/Library/Developer/Xcode/DerivedData/ModuleCache.noindex -profile-generate -profile-coverage-mapping -swift-version 5 -enforce-exclusivity\=checked -Onone -D DEBUG -serialize-debugging-options -const-gather-protocols-file /Users/muhammedshahidsiddiqui/Library/Developer/Xcode/DerivedData/FocusFlow-frjlktqpqizabufutavnzxvcztha/Build/Intermediates.noindex/FocusFlow.build/Debug-iphonesimulator/FocusFlowTests.build/Objects-normal/arm64/FocusFlowTests_const_extract_protocols.json -enable-experimental-feature DebugDescriptionMacro -enable-experimental-feature OpaqueTypeErasure -enable-bare-slash-regex -empty-abi-descriptor -plugin-path /Applications/Xcode.app/Contents/Developer/Toolchains/XcodeDefault.xctoolchain/usr/lib/swift/host/plugins/testing -validate-clang-modules-once -clang-build-session-file /Users/muhammedshahidsiddiqui/Library/Developer/Xcode/DerivedData/ModuleCache.noindex/Session.modulevalidation -Xcc -working-directory -Xcc /Users/muhammedshahidsiddiqui/Desktop/chat/FocusFlow -resource-dir /Applications/Xcode.app/Contents/Developer/Toolchains/XcodeDefault.xctoolchain/usr/lib/swift -enable-anonymous-context-mangled-names -file-compilation-dir /Users/muhammedshahidsiddiqui/Desktop/chat/FocusFlow -Xcc -D_LIBCPP_HARDENING_MODE\=_LIBCPP_HARDENING_MODE_DEBUG -Xcc -ivfsstatcache -Xcc /Users/muhammedshahidsiddiqui/Library/Developer/Xcode/DerivedData/SDKStatCaches.noindex/iphonesimulator18.0-22A3362-db63dc9361471f152f572502bdbfe70a.sdkstatcache -Xcc -I/Users/muhammedshahidsiddiqui/Library/Developer/Xcode/DerivedData/FocusFlow-frjlktqpqizabufutavnzxvcztha/Build/Intermediates.noindex/FocusFlow.build/Debug-iphonesimulator/FocusFlowTests.build/swift-overrides.hmap -Xcc -iquote -Xcc /Users/muhammedshahidsiddiqui/Library/Developer/Xcode/DerivedData/FocusFlow-frjlktqpqizabufutavnzxvcztha/Build/Intermediates.noindex/FocusFlow.build/Debug-iphonesimulator/FocusFlowTests.build/FocusFlowTests-generated-files.hmap -Xcc -I/Users/muhammedshahidsiddiqui/Library/Developer/Xcode/DerivedData/FocusFlow-frjlktqpqizabufutavnzxvcztha/Build/Intermediates.noindex/FocusFlow.build/Debug-iphonesimulator/FocusFlowTests.build/FocusFlowTests-own-target-headers.hmap -Xcc -I/Users/muhammedshahidsiddiqui/Library/Developer/Xcode/DerivedData/FocusFlow-frjlktqpqizabufutavnzxvcztha/Build/Intermediates.noindex/FocusFlow.build/Debug-iphonesimulator/FocusFlowTests.build/FocusFlowTests-all-target-headers.hmap -Xcc -iquote -Xcc /Users/muhammedshahidsiddiqui/Library/Developer/Xcode/DerivedData/FocusFlow-frjlktqpqizabufutavnzxvcztha/Build/Intermediates.noindex/FocusFlow.build/Debug-iphonesimulator/FocusFlowTests.build/FocusFlowTests-project-headers.hmap -Xcc -I/Users/muhammedshahidsiddiqui/Library/Developer/Xcode/DerivedData/FocusFlow-frjlktqpqizabufutavnzxvcztha/Build/Products/Debug-iphonesimulator/include -Xcc -I/Users/muhammedshahidsiddiqui/Library/Developer/Xcode/DerivedData/FocusFlow-frjlktqpqizabufutavnzxvcztha/Build/Intermediates.noindex/FocusFlow.build/Debug-iphonesimulator/FocusFlowTests.build/DerivedSources-normal/arm64 -Xcc -I/Users/muhammedshahidsiddiqui/Library/Developer/Xcode/DerivedData/FocusFlow-frjlktqpqizabufutavnzxvcztha/Build/Intermediates.noindex/FocusFlow.build/Debug-iphonesimulator/FocusFlowTests.build/DerivedSources/arm64 -Xcc -I/Users/muhammedshahidsiddiqui/Library/Developer/Xcode/DerivedData/FocusFlow-frjlktqpqizabufutavnzxvcztha/Build/Intermediates.noindex/FocusFlow.build/Debug-iphonesimulator/FocusFlowTests.build/DerivedSources -Xcc -DDEBUG\=1 -module-name FocusFlowTests -frontend-parseable-output -disable-clang-spi -target-sdk-version 18.0 -target-sdk-name iphonesimulator18.0 -external-plugin-path /Applications/Xcode.app/Contents/Developer/Platforms/iPhoneOS.platform/Developer/usr/lib/swift/host/plugins\#/Applications/Xcode.app/Contents/Developer/Platforms/iPhoneOS.platform/Developer/usr/bin/swift-plugin-server -external-plugin-path /Applications/Xcode.app/Contents/Developer/Platforms/iPhoneOS.platform/Developer/usr/local/lib/swift/host/plugins\#/Applications/Xcode.app/Contents/Developer/Platforms/iPhoneOS.platform/Developer/usr/bin/swift-plugin-server -plugin-path /Applications/Xcode.app/Contents/Developer/Toolchains/XcodeDefault.xctoolchain/usr/lib/swift/host/plugins -plugin-path /Applications/Xcode.app/Contents/Developer/Toolchains/XcodeDefault.xctoolchain/usr/local/lib/swift/host/plugins -o /Users/muhammedshahidsiddiqui/Library/Developer/Xcode/DerivedData/FocusFlow-frjlktqpqizabufutavnzxvcztha/Build/Intermediates.noindex/FocusFlow.build/Debug-iphonesimulator/FocusFlowTests.build/Objects-normal/arm64/TimerViewModelTests.o -index-unit-output-path /FocusFlow.build/Debug-iphonesimulator/FocusFlowTests.build/Objects-normal/arm64/TimerViewModelTests.o -index-store-path /Users/muhammedshahidsiddiqui/Library/Developer/Xcode/DerivedData/FocusFlow-frjlktqpqizabufutavnzxvcztha/Index.noindex/DataStore -index-system-modules

SwiftCompile normal arm64 /Users/muhammedshahidsiddiqui/Desktop/chat/FocusFlow/FocusFlowTests/TimerViewModelTests.swift (in target 'FocusFlowTests' from project 'FocusFlow')
    cd /Users/muhammedshahidsiddiqui/Desktop/chat/FocusFlow
    /Applications/Xcode.app/Contents/Developer/Toolchains/XcodeDefault.xctoolchain/usr/bin/swift-frontend -c /Users/muhammedshahidsiddiqui/Desktop/chat/FocusFlow/FocusFlowTests/PresetStoreTests.swift -primary-file /Users/muhammedshahidsiddiqui/Desktop/chat/FocusFlow/FocusFlowTests/TimerViewModelTests.swift -emit-dependencies-path /Users/muhammedshahidsiddiqui/Library/Developer/Xcode/DerivedData/FocusFlow-frjlktqpqizabufutavnzxvcztha/Build/Intermediates.noindex/FocusFlow.build/Debug-iphonesimulator/FocusFlowTests.build/Objects-normal/arm64/TimerViewModelTests.d -emit-const-values-path /Users/muhammedshahidsiddiqui/Library/Developer/Xcode/DerivedData/FocusFlow-frjlktqpqizabufutavnzxvcztha/Build/Intermediates.noindex/FocusFlow.build/Debug-iphonesimulator/FocusFlowTests.build/Objects-normal/arm64/TimerViewModelTests.swiftconstvalues -emit-reference-dependencies-path /Users/muhammedshahidsiddiqui/Library/Developer/Xcode/DerivedData/FocusFlow-frjlktqpqizabufutavnzxvcztha/Build/Intermediates.noindex/FocusFlow.build/Debug-iphonesimulator/FocusFlowTests.build/Objects-normal/arm64/TimerViewModelTests.swiftdeps -serialize-diagnostics-path /Users/muhammedshahidsiddiqui/Library/Developer/Xcode/DerivedData/FocusFlow-frjlktqpqizabufutavnzxvcztha/Build/Intermediates.noindex/FocusFlow.build/Debug-iphonesimulator/FocusFlowTests.build/Objects-normal/arm64/TimerViewModelTests.dia -target arm64-apple-ios18.0-simulator -Xllvm -aarch64-use-tbi -enable-objc-interop -sdk /Applications/Xcode.app/Contents/Developer/Platforms/iPhoneSimulator.platform/Developer/SDKs/iPhoneSimulator18.0.sdk -I /Users/muhammedshahidsiddiqui/Library/Developer/Xcode/DerivedData/FocusFlow-frjlktqpqizabufutavnzxvcztha/Build/Products/Debug-iphonesimulator -I /Applications/Xcode.app/Contents/Developer/Platforms/iPhoneSimulator.platform/Developer/usr/lib -F /Users/muhammedshahidsiddiqui/Library/Developer/Xcode/DerivedData/FocusFlow-frjlktqpqizabufutavnzxvcztha/Build/Products/Debug-iphonesimulator -F /Applications/Xcode.app/Contents/Developer/Platforms/iPhoneSimulator.platform/Developer/Library/Frameworks -F /Applications/Xcode.app/Contents/Developer/Platforms/iPhoneSimulator.platform/Developer/SDKs/iPhoneSimulator18.0.sdk/Developer/Library/Frameworks -no-color-diagnostics -enable-testing -g -debug-info-format\=dwarf -dwarf-version\=5 -module-cache-path /Users/muhammedshahidsiddiqui/Library/Developer/Xcode/DerivedData/ModuleCache.noindex -profile-generate -profile-coverage-mapping -swift-version 5 -enforce-exclusivity\=checked -Onone -D DEBUG -serialize-debugging-options -const-gather-protocols-file /Users/muhammedshahidsiddiqui/Library/Developer/Xcode/DerivedData/FocusFlow-frjlktqpqizabufutavnzxvcztha/Build/Intermediates.noindex/FocusFlow.build/Debug-iphonesimulator/FocusFlowTests.build/Objects-normal/arm64/FocusFlowTests_const_extract_protocols.json -enable-experimental-feature DebugDescriptionMacro -enable-experimental-feature OpaqueTypeErasure -enable-bare-slash-regex -empty-abi-descriptor -plugin-path /Applications/Xcode.app/Contents/Developer/Toolchains/XcodeDefault.xctoolchain/usr/lib/swift/host/plugins/testing -validate-clang-modules-once -clang-build-session-file /Users/muhammedshahidsiddiqui/Library/Developer/Xcode/DerivedData/ModuleCache.noindex/Session.modulevalidation -Xcc -working-directory -Xcc /Users/muhammedshahidsiddiqui/Desktop/chat/FocusFlow -resource-dir /Applications/Xcode.app/Contents/Developer/Toolchains/XcodeDefault.xctoolchain/usr/lib/swift -enable-anonymous-context-mangled-names -file-compilation-dir /Users/muhammedshahidsiddiqui/Desktop/chat/FocusFlow -Xcc -D_LIBCPP_HARDENING_MODE\=_LIBCPP_HARDENING_MODE_DEBUG -Xcc -ivfsstatcache -Xcc /Users/muhammedshahidsiddiqui/Library/Developer/Xcode/DerivedData/SDKStatCaches.noindex/iphonesimulator18.0-22A3362-db63dc9361471f152f572502bdbfe70a.sdkstatcache -Xcc -I/Users/muhammedshahidsiddiqui/Library/Developer/Xcode/DerivedData/FocusFlow-frjlktqpqizabufutavnzxvcztha/Build/Intermediates.noindex/FocusFlow.build/Debug-iphonesimulator/FocusFlowTests.build/swift-overrides.hmap -Xcc -iquote -Xcc /Users/muhammedshahidsiddiqui/Library/Developer/Xcode/DerivedData/FocusFlow-frjlktqpqizabufutavnzxvcztha/Build/Intermediates.noindex/FocusFlow.build/Debug-iphonesimulator/FocusFlowTests.build/FocusFlowTests-generated-files.hmap -Xcc -I/Users/muhammedshahidsiddiqui/Library/Developer/Xcode/DerivedData/FocusFlow-frjlktqpqizabufutavnzxvcztha/Build/Intermediates.noindex/FocusFlow.build/Debug-iphonesimulator/FocusFlowTests.build/FocusFlowTests-own-target-headers.hmap -Xcc -I/Users/muhammedshahidsiddiqui/Library/Developer/Xcode/DerivedData/FocusFlow-frjlktqpqizabufutavnzxvcztha/Build/Intermediates.noindex/FocusFlow.build/Debug-iphonesimulator/FocusFlowTests.build/FocusFlowTests-all-target-headers.hmap -Xcc -iquote -Xcc /Users/muhammedshahidsiddiqui/Library/Developer/Xcode/DerivedData/FocusFlow-frjlktqpqizabufutavnzxvcztha/Build/Intermediates.noindex/FocusFlow.build/Debug-iphonesimulator/FocusFlowTests.build/FocusFlowTests-project-headers.hmap -Xcc -I/Users/muhammedshahidsiddiqui/Library/Developer/Xcode/DerivedData/FocusFlow-frjlktqpqizabufutavnzxvcztha/Build/Products/Debug-iphonesimulator/include -Xcc -I/Users/muhammedshahidsiddiqui/Library/Developer/Xcode/DerivedData/FocusFlow-frjlktqpqizabufutavnzxvcztha/Build/Intermediates.noindex/FocusFlow.build/Debug-iphonesimulator/FocusFlowTests.build/DerivedSources-normal/arm64 -Xcc -I/Users/muhammedshahidsiddiqui/Library/Developer/Xcode/DerivedData/FocusFlow-frjlktqpqizabufutavnzxvcztha/Build/Intermediates.noindex/FocusFlow.build/Debug-iphonesimulator/FocusFlowTests.build/DerivedSources/arm64 -Xcc -I/Users/muhammedshahidsiddiqui/Library/Developer/Xcode/DerivedData/FocusFlow-frjlktqpqizabufutavnzxvcztha/Build/Intermediates.noindex/FocusFlow.build/Debug-iphonesimulator/FocusFlowTests.build/DerivedSources -Xcc -DDEBUG\=1 -module-name FocusFlowTests -frontend-parseable-output -disable-clang-spi -target-sdk-version 18.0 -target-sdk-name iphonesimulator18.0 -external-plugin-path /Applications/Xcode.app/Contents/Developer/Platforms/iPhoneOS.platform/Developer/usr/lib/swift/host/plugins\#/Applications/Xcode.app/Contents/Developer/Platforms/iPhoneOS.platform/Developer/usr/bin/swift-plugin-server -external-plugin-path /Applications/Xcode.app/Contents/Developer/Platforms/iPhoneOS.platform/Developer/usr/local/lib/swift/host/plugins\#/Applications/Xcode.app/Contents/Developer/Platforms/iPhoneOS.platform/Developer/usr/bin/swift-plugin-server -plugin-path /Applications/Xcode.app/Contents/Developer/Toolchains/XcodeDefault.xctoolchain/usr/lib/swift/host/plugins -plugin-path /Applications/Xcode.app/Contents/Developer/Toolchains/XcodeDefault.xctoolchain/usr/local/lib/swift/host/plugins -o /Users/muhammedshahidsiddiqui/Library/Developer/Xcode/DerivedData/FocusFlow-frjlktqpqizabufutavnzxvcztha/Build/Intermediates.noindex/FocusFlow.build/Debug-iphonesimulator/FocusFlowTests.build/Objects-normal/arm64/TimerViewModelTests.o -index-unit-output-path /FocusFlow.build/Debug-iphonesimulator/FocusFlowTests.build/Objects-normal/arm64/TimerViewModelTests.o -index-store-path /Users/muhammedshahidsiddiqui/Library/Developer/Xcode/DerivedData/FocusFlow-frjlktqpqizabufutavnzxvcztha/Index.noindex/DataStore -index-system-modules
/Users/muhammedshahidsiddiqui/Desktop/chat/FocusFlow/FocusFlowTests/TimerViewModelTests.swift:446:23: error: extra arguments at positions #1, #2, #3, #4, #5, #6 in call
        PresetViewData(
                      ^
/Users/muhammedshahidsiddiqui/Desktop/chat/FocusFlow/FocusFlow/ViewModels/PresetStore.swift:35:5: note: 'init(managedObject:)' declared here
    init?(managedObject: Preset) {
    ^
/Users/muhammedshahidsiddiqui/Desktop/chat/FocusFlow/FocusFlowTests/TimerViewModelTests.swift:447:13: error: missing argument for parameter 'managedObject' in call
            id: UUID(),
            ^
            managedObject: <#Preset#>, 
/Users/muhammedshahidsiddiqui/Desktop/chat/FocusFlow/FocusFlow/ViewModels/PresetStore.swift:35:5: note: 'init(managedObject:)' declared here
    init?(managedObject: Preset) {
    ^
/Users/muhammedshahidsiddiqui/Desktop/chat/FocusFlow/FocusFlowTests/TimerViewModelTests.swift:446:9: error: value of optional type 'PresetViewData?' must be unwrapped to a value of type 'PresetViewData'
        PresetViewData(
        ^
/Users/muhammedshahidsiddiqui/Desktop/chat/FocusFlow/FocusFlowTests/TimerViewModelTests.swift:446:9: note: coalesce using '??' to provide a default when the optional value contains 'nil'
        PresetViewData(
        ^
/Users/muhammedshahidsiddiqui/Desktop/chat/FocusFlow/FocusFlowTests/TimerViewModelTests.swift:446:9: note: force-unwrap using '!' to abort execution if the optional value contains 'nil'
        PresetViewData(
        ^

ConstructStubExecutorLinkFileList /Users/muhammedshahidsiddiqui/Library/Developer/Xcode/DerivedData/FocusFlow-frjlktqpqizabufutavnzxvcztha/Build/Intermediates.noindex/FocusFlow.build/Debug-iphonesimulator/FocusFlow.build/FocusFlow-ExecutorLinkFileList-normal-arm64.txt (in target 'FocusFlow' from project 'FocusFlow')
    cd /Users/muhammedshahidsiddiqui/Desktop/chat/FocusFlow
    construct-stub-executor-link-file-list /Users/muhammedshahidsiddiqui/Library/Developer/Xcode/DerivedData/FocusFlow-frjlktqpqizabufutavnzxvcztha/Build/Products/Debug-iphonesimulator/FocusFlow.app/FocusFlow.debug.dylib /Applications/Xcode.app/Contents/Developer/Platforms/iPhoneSimulator.platform/Developer/usr/lib/libPreviewsJITStubExecutor_no_swift_entry_point.a /Applications/Xcode.app/Contents/Developer/Platforms/iPhoneSimulator.platform/Developer/usr/lib/libPreviewsJITStubExecutor.a --output /Users/muhammedshahidsiddiqui/Library/Developer/Xcode/DerivedData/FocusFlow-frjlktqpqizabufutavnzxvcztha/Build/Intermediates.noindex/FocusFlow.build/Debug-iphonesimulator/FocusFlow.build/FocusFlow-ExecutorLinkFileList-normal-arm64.txt
note: Using stub executor library with Swift entry point. (in target 'FocusFlow' from project 'FocusFlow')

Ld /Users/muhammedshahidsiddiqui/Library/Developer/Xcode/DerivedData/FocusFlow-frjlktqpqizabufutavnzxvcztha/Build/Products/Debug-iphonesimulator/FocusFlow.app/FocusFlow normal (in target 'FocusFlow' from project 'FocusFlow')
    cd /Users/muhammedshahidsiddiqui/Desktop/chat/FocusFlow
    /Applications/Xcode.app/Contents/Developer/Toolchains/XcodeDefault.xctoolchain/usr/bin/clang -Xlinker -reproducible -target arm64-apple-ios18.0-simulator -isysroot /Applications/Xcode.app/Contents/Developer/Platforms/iPhoneSimulator.platform/Developer/SDKs/iPhoneSimulator18.0.sdk -O0 -L/Users/muhammedshahidsiddiqui/Library/Developer/Xcode/DerivedData/FocusFlow-frjlktqpqizabufutavnzxvcztha/Build/Products/Debug-iphonesimulator -F/Users/muhammedshahidsiddiqui/Library/Developer/Xcode/DerivedData/FocusFlow-frjlktqpqizabufutavnzxvcztha/Build/Products/Debug-iphonesimulator -Xlinker -rpath -Xlinker @executable_path -Xlinker -rpath -Xlinker @executable_path/Frameworks -Xlinker -export_dynamic -Xlinker -no_deduplicate -Xlinker -objc_abi_version -Xlinker 2 -Xlinker -debug_variant -e ___debug_blank_executor_main -Xlinker -sectcreate -Xlinker __TEXT -Xlinker __debug_dylib -Xlinker /Users/muhammedshahidsiddiqui/Library/Developer/Xcode/DerivedData/FocusFlow-frjlktqpqizabufutavnzxvcztha/Build/Intermediates.noindex/FocusFlow.build/Debug-iphonesimulator/FocusFlow.build/FocusFlow-DebugDylibPath-normal-arm64.txt -Xlinker -sectcreate -Xlinker __TEXT -Xlinker __debug_instlnm -Xlinker /Users/muhammedshahidsiddiqui/Library/Developer/Xcode/DerivedData/FocusFlow-frjlktqpqizabufutavnzxvcztha/Build/Intermediates.noindex/FocusFlow.build/Debug-iphonesimulator/FocusFlow.build/FocusFlow-DebugDylibInstallName-normal-arm64.txt -Xlinker -filelist -Xlinker /Users/muhammedshahidsiddiqui/Library/Developer/Xcode/DerivedData/FocusFlow-frjlktqpqizabufutavnzxvcztha/Build/Intermediates.noindex/FocusFlow.build/Debug-iphonesimulator/FocusFlow.build/FocusFlow-ExecutorLinkFileList-normal-arm64.txt -Xlinker -sectcreate -Xlinker __TEXT -Xlinker __entitlements -Xlinker /Users/muhammedshahidsiddiqui/Library/Developer/Xcode/DerivedData/FocusFlow-frjlktqpqizabufutavnzxvcztha/Build/Intermediates.noindex/FocusFlow.build/Debug-iphonesimulator/FocusFlow.build/FocusFlow.app-Simulated.xcent -Xlinker -sectcreate -Xlinker __TEXT -Xlinker __ents_der -Xlinker /Users/muhammedshahidsiddiqui/Library/Developer/Xcode/DerivedData/FocusFlow-frjlktqpqizabufutavnzxvcztha/Build/Intermediates.noindex/FocusFlow.build/Debug-iphonesimulator/FocusFlow.build/FocusFlow.app-Simulated.xcent.der /Users/muhammedshahidsiddiqui/Library/Developer/Xcode/DerivedData/FocusFlow-frjlktqpqizabufutavnzxvcztha/Build/Products/Debug-iphonesimulator/FocusFlow.app/FocusFlow.debug.dylib -o /Users/muhammedshahidsiddiqui/Library/Developer/Xcode/DerivedData/FocusFlow-frjlktqpqizabufutavnzxvcztha/Build/Products/Debug-iphonesimulator/FocusFlow.app/FocusFlow

CopySwiftLibs /Users/muhammedshahidsiddiqui/Library/Developer/Xcode/DerivedData/FocusFlow-frjlktqpqizabufutavnzxvcztha/Build/Products/Debug-iphonesimulator/FocusFlow.app (in target 'FocusFlow' from project 'FocusFlow')
    cd /Users/muhammedshahidsiddiqui/Desktop/chat/FocusFlow
    builtin-swiftStdLibTool --copy --verbose --sign - --scan-executable /Users/muhammedshahidsiddiqui/Library/Developer/Xcode/DerivedData/FocusFlow-frjlktqpqizabufutavnzxvcztha/Build/Products/Debug-iphonesimulator/FocusFlow.app/FocusFlow.debug.dylib --scan-folder /Users/muhammedshahidsiddiqui/Library/Developer/Xcode/DerivedData/FocusFlow-frjlktqpqizabufutavnzxvcztha/Build/Products/Debug-iphonesimulator/FocusFlow.app/Frameworks --scan-folder /Users/muhammedshahidsiddiqui/Library/Developer/Xcode/DerivedData/FocusFlow-frjlktqpqizabufutavnzxvcztha/Build/Products/Debug-iphonesimulator/FocusFlow.app/PlugIns --scan-folder /Users/muhammedshahidsiddiqui/Library/Developer/Xcode/DerivedData/FocusFlow-frjlktqpqizabufutavnzxvcztha/Build/Products/Debug-iphonesimulator/FocusFlow.app/SystemExtensions --scan-folder /Users/muhammedshahidsiddiqui/Library/Developer/Xcode/DerivedData/FocusFlow-frjlktqpqizabufutavnzxvcztha/Build/Products/Debug-iphonesimulator/FocusFlow.app/Extensions --platform iphonesimulator --toolchain /Applications/Xcode.app/Contents/Developer/Toolchains/XcodeDefault.xctoolchain --destination /Users/muhammedshahidsiddiqui/Library/Developer/Xcode/DerivedData/FocusFlow-frjlktqpqizabufutavnzxvcztha/Build/Products/Debug-iphonesimulator/FocusFlow.app/Frameworks --strip-bitcode --strip-bitcode-tool /Applications/Xcode.app/Contents/Developer/Toolchains/XcodeDefault.xctoolchain/usr/bin/bitcode_strip --emit-dependency-info /Users/muhammedshahidsiddiqui/Library/Developer/Xcode/DerivedData/FocusFlow-frjlktqpqizabufutavnzxvcztha/Build/Intermediates.noindex/FocusFlow.build/Debug-iphonesimulator/FocusFlow.build/SwiftStdLibToolInputDependencies.dep --filter-for-swift-os

ExtractAppIntentsMetadata (in target 'FocusFlow' from project 'FocusFlow')
    cd /Users/muhammedshahidsiddiqui/Desktop/chat/FocusFlow
    /Applications/Xcode.app/Contents/Developer/Toolchains/XcodeDefault.xctoolchain/usr/bin/appintentsmetadataprocessor --output /Users/muhammedshahidsiddiqui/Library/Developer/Xcode/DerivedData/FocusFlow-frjlktqpqizabufutavnzxvcztha/Build/Products/Debug-iphonesimulator/FocusFlow.app --toolchain-dir /Applications/Xcode.app/Contents/Developer/Toolchains/XcodeDefault.xctoolchain --module-name FocusFlow --sdk-root /Applications/Xcode.app/Contents/Developer/Platforms/iPhoneSimulator.platform/Developer/SDKs/iPhoneSimulator18.0.sdk --xcode-version 16A242d --platform-family iOS --deployment-target 18.0 --bundle-identifier shahid.FocusFlow --target-triple arm64-apple-ios18.0-simulator --binary-file /Users/muhammedshahidsiddiqui/Library/Developer/Xcode/DerivedData/FocusFlow-frjlktqpqizabufutavnzxvcztha/Build/Products/Debug-iphonesimulator/FocusFlow.app/FocusFlow --dependency-file /Users/muhammedshahidsiddiqui/Library/Developer/Xcode/DerivedData/FocusFlow-frjlktqpqizabufutavnzxvcztha/Build/Intermediates.noindex/FocusFlow.build/Debug-iphonesimulator/FocusFlow.build/Objects-normal/arm64/FocusFlow_dependency_info.dat --stringsdata-file /Users/muhammedshahidsiddiqui/Library/Developer/Xcode/DerivedData/FocusFlow-frjlktqpqizabufutavnzxvcztha/Build/Intermediates.noindex/FocusFlow.build/Debug-iphonesimulator/FocusFlow.build/Objects-normal/arm64/ExtractedAppShortcutsMetadata.stringsdata --source-file-list /Users/muhammedshahidsiddiqui/Library/Developer/Xcode/DerivedData/FocusFlow-frjlktqpqizabufutavnzxvcztha/Build/Intermediates.noindex/FocusFlow.build/Debug-iphonesimulator/FocusFlow.build/Objects-normal/arm64/FocusFlow.SwiftFileList --metadata-file-list /Users/muhammedshahidsiddiqui/Library/Developer/Xcode/DerivedData/FocusFlow-frjlktqpqizabufutavnzxvcztha/Build/Intermediates.noindex/FocusFlow.build/Debug-iphonesimulator/FocusFlow.build/FocusFlow.DependencyMetadataFileList --swift-const-vals-list /Users/muhammedshahidsiddiqui/Library/Developer/Xcode/DerivedData/FocusFlow-frjlktqpqizabufutavnzxvcztha/Build/Intermediates.noindex/FocusFlow.build/Debug-iphonesimulator/FocusFlow.build/Objects-normal/arm64/FocusFlow.SwiftConstValuesFileList --compile-time-extraction --deployment-aware-processing --validate-assistant-intents
note: Metadata extraction skipped. No AppIntents.framework dependency found. (in target 'FocusFlow' from project 'FocusFlow')

ProcessInfoPlistFile /Users/muhammedshahidsiddiqui/Library/Developer/Xcode/DerivedData/FocusFlow-frjlktqpqizabufutavnzxvcztha/Build/Products/Debug-iphonesimulator/FocusFlow.app/PlugIns/FocusFlowTests.xctest/Info.plist /Users/muhammedshahidsiddiqui/Library/Developer/Xcode/DerivedData/FocusFlow-frjlktqpqizabufutavnzxvcztha/Build/Intermediates.noindex/FocusFlow.build/Debug-iphonesimulator/FocusFlowTests.build/empty-FocusFlowTests.plist (in target 'FocusFlowTests' from project 'FocusFlow')
    cd /Users/muhammedshahidsiddiqui/Desktop/chat/FocusFlow
    builtin-infoPlistUtility /Users/muhammedshahidsiddiqui/Library/Developer/Xcode/DerivedData/FocusFlow-frjlktqpqizabufutavnzxvcztha/Build/Intermediates.noindex/FocusFlow.build/Debug-iphonesimulator/FocusFlowTests.build/empty-FocusFlowTests.plist -producttype com.apple.product-type.bundle.unit-test -expandbuildsettings -format binary -platform iphonesimulator -o /Users/muhammedshahidsiddiqui/Library/Developer/Xcode/DerivedData/FocusFlow-frjlktqpqizabufutavnzxvcztha/Build/Products/Debug-iphonesimulator/FocusFlow.app/PlugIns/FocusFlowTests.xctest/Info.plist


Test session results, code coverage, and logs:
	/Users/muhammedshahidsiddiqui/Library/Developer/Xcode/DerivedData/FocusFlow-frjlktqpqizabufutavnzxvcztha/Logs/Test/Test-FocusFlow-2025.12.27_15-45-29-+0530.xcresult

Testing failed:
	Extra arguments at positions #1, #2, #3, #4, #5, #6 in call
	Missing argument for parameter 'managedObject' in call
	Value of optional type 'PresetViewData?' must be unwrapped to a value of type 'PresetViewData'
	Testing cancelled because the build failed.

** TEST FAILED **


The following build commands failed:
	SwiftCompile normal arm64 Compiling\ TimerViewModelTests.swift /Users/muhammedshahidsiddiqui/Desktop/chat/FocusFlow/FocusFlowTests/TimerViewModelTests.swift (in target 'FocusFlowTests' from project 'FocusFlow')
	SwiftCompile normal arm64 /Users/muhammedshahidsiddiqui/Desktop/chat/FocusFlow/FocusFlowTests/TimerViewModelTests.swift (in target 'FocusFlowTests' from project 'FocusFlow')
	Testing project FocusFlow with scheme FocusFlow
(3 failures)
